#
# A fatal error has been detected by the Java Runtime Environment:
#
#  EXCEPTION_ACCESS_VIOLATION (0xc0000005) at pc=0x00000149aa7f112d, pid=9896, tid=26740
#
# JRE version: OpenJDK Runtime Environment Corretto-11.0.20.9.1 (11.0.20.1+9) (build 11.0.20.1+9-LTS)
# Java VM: OpenJDK 64-Bit Server VM Corretto-11.0.20.9.1 (11.0.20.1+9-LTS, mixed mode, tiered, compressed oops, g1 gc, windows-amd64)
# Problematic frame:
# v  ~StubRoutines::get_previous_fp
#
# No core dump will be written. Minidumps are not enabled by default on client versions of Windows
#
# If you would like to submit a bug report, please visit:
#   https://github.com/corretto/corretto-11/issues/
#

---------------  S U M M A R Y ------------

Command Line: -javaagent:C:\\Users\\Lenovo\\.m2\\repository\\org\\jacoco\\org.jacoco.agent\\0.7.7.201606060606\\org.jacoco.agent-0.7.7.201606060606-runtime.jar=destfile=C:\\Users\\Lenovo\\Desktop\\DevOpsProject\\Spring-Devops\\target\\jacoco.exec C:\Users\Lenovo\AppData\Local\Temp\surefire2116702883295240939\surefirebooter2662966696538200796.jar C:\Users\Lenovo\AppData\Local\Temp\surefire2116702883295240939 2023-10-27T00-38-11_019-jvmRun1 surefire1606262940502568239tmp surefire_017545545473899306770tmp

Host: AMD Ryzen 7 5800H with Radeon Graphics         , 16 cores, 13G,  Windows 11 , 64 bit Build 22000 (10.0.22000.2538)
Time: Fri Oct 27 00:38:12 2023 Afr. centrale Ouest elapsed time: 0.400417 seconds (0d 0h 0m 0s)

---------------  T H R E A D  ---------------

Current thread (0x00000149a206d800):  JavaThread "main" [_thread_in_vm, id=26740, stack(0x0000002182d00000,0x0000002182e00000)]

Stack: [0x0000002182d00000,0x0000002182e00000],  sp=0x0000002182dff280,  free space=1020k
Native frames: (J=compiled Java code, j=interpreted, Vv=VM code, C=native code)
C  0x00000149aa7f112d


siginfo: EXCEPTION_ACCESS_VIOLATION (0xc0000005), reading address 0x00000000000003d8


Register to memory mapping:

RIP=0x00000149aa7f112d is at begin+8 in a stub
StubRoutines::get_previous_fp [0x00000149aa7f1125, 0x00000149aa7f1132[ (13 bytes)
RAX=0x00000000000003d8 is an unknown value
RBX=0x0000002182dff320 is pointing into the stack for thread: 0x00000149a206d800
RCX=0x0000002182dff320 is pointing into the stack for thread: 0x00000149a206d800
RDX=0x0 is NULL
RSP=0x0000002182dff280 is pointing into the stack for thread: 0x00000149a206d800
RBP=0x0000002182dff280 is pointing into the stack for thread: 0x00000149a206d800
RSI=0x0 is NULL
RDI=0x00000149a206d800 is a thread
R8 =0x0000002182dff1f8 is pointing into the stack for thread: 0x00000149a206d800
R9 =0x0 is NULL
R10=0x0 is NULL
R11=0x0000002182dff2b0 is pointing into the stack for thread: 0x00000149a206d800
R12=0x00000149a206e3b8 points into unknown readable memory: 0x080211f5e1142269 | 69 22 14 e1 f5 11 02 08
R13=0x0000000000000008 is an unknown value
R14=0x00000149c6102af0 points into unknown readable memory: 0x0000000000000000 | 00 00 00 00 00 00 00 00
R15=0x00000149a206dfe0 points into unknown readable memory: 0x6e616c2e6176616a | 6a 61 76 61 2e 6c 61 6e


Registers:
RAX=0x00000000000003d8, RBX=0x0000002182dff320, RCX=0x0000002182dff320, RDX=0x0000000000000000
RSP=0x0000002182dff280, RBP=0x0000002182dff280, RSI=0x0000000000000000, RDI=0x00000149a206d800
R8 =0x0000002182dff1f8, R9 =0x0000000000000000, R10=0x0000000000000000, R11=0x0000002182dff2b0
R12=0x00000149a206e3b8, R13=0x0000000000000008, R14=0x00000149c6102af0, R15=0x00000149a206dfe0
RIP=0x00000149aa7f112d, EFLAGS=0x0000000000010202

Top of Stack: (sp=0x0000002182dff280)
0x0000002182dff280:   00000000000003d8 00007ffec4f13d36
0x0000002182dff290:   00007fff5451f550 00007fff5451f550
0x0000002182dff2a0:   0000002182dff340 0000002182dff2d0
0x0000002182dff2b0:   0000000000007fd8 00007ffec49b2c0c
0x0000002182dff2c0:   0000002182dff330 000001499fe55df0
0x0000002182dff2d0:   00000000000007d0 00000149a206dfd0
0x0000002182dff2e0:   00000149a206d800 00007ffec5062e51
0x0000002182dff2f0:   000001499fe55df0 00000149a206dfd0
0x0000002182dff300:   00000149a206dfd0 000001499fe62c00
0x0000002182dff310:   000001499fe54808 00007fff2f61148c
0x0000002182dff320:   0000000000000004 00007fff2f6182c0
0x0000002182dff330:   0000002182dff380 00007fff5451f550
0x0000002182dff340:   00007fff5451f550 000001499fe53b00
0x0000002182dff350:   0000dd6be00932a2 00007fff2f617ad0
0x0000002182dff360:   00000149a206d800 00007ffec4f16360
0x0000002182dff370:   00000149a206db48 00007fff2f6182c0 

Instructions: (pc=0x00000149aa7f112d)
0x00000149aa7f102d:   84 83 00 00 00 83 fa 07 0f 84 80 00 00 00 89 01
0x00000149aa7f103d:   48 8d a5 28 fe ff ff c5 fa 6f 75 b8 c5 fa 6f 7d
0x00000149aa7f104d:   a8 c5 7a 6f 45 98 c5 7a 6f 4d 88 c5 7a 6f 95 78
0x00000149aa7f105d:   ff ff ff c5 7a 6f 9d 68 ff ff ff c5 7a 6f a5 58
0x00000149aa7f106d:   ff ff ff c5 7a 6f ad 48 ff ff ff c5 7a 6f b5 38
0x00000149aa7f107d:   ff ff ff c5 7a 6f bd 28 ff ff ff 4c 8b 7d c8 4c
0x00000149aa7f108d:   8b 75 d0 4c 8b 6d d8 4c 8b 65 e0 48 8b 5d f8 48
0x00000149aa7f109d:   8b 7d e8 48 8b 75 f0 48 81 c4 d8 01 00 00 c5 f8
0x00000149aa7f10ad:   77 5d c3 48 89 01 eb 88 c5 fa 11 01 eb 82 c5 fb
0x00000149aa7f10bd:   11 01 e9 79 ff ff ff 49 89 47 08 49 ba b0 e4 20
0x00000149aa7f10cd:   c5 fe 7f 00 00 4d 89 57 10 41 c7 47 18 da 01 00
0x00000149aa7f10dd:   00 e9 2d ff ff ff 8b c1 87 02 c3 48 8b c1 48 87
0x00000149aa7f10ed:   02 c3 41 8b c0 f0 0f b1 0a c3 49 0f be c0 f0 0f
0x00000149aa7f10fd:   b0 0a c3 49 8b c0 f0 48 0f b1 0a c3 8b c1 f0 0f
0x00000149aa7f110d:   c1 0a 03 c1 c3 48 8b c1 f0 48 0f c1 0a 48 03 c1
0x00000149aa7f111d:   c3 f0 83 44 24 c0 00 c3 55 48 8b ec 48 8b 45 00
0x00000149aa7f112d:   48 8b 00 5d c3 48 8b c4 48 83 c0 08 c3 c3 0f 1f
0x00000149aa7f113d:   44 00 00 55 48 8b ec 49 b9 b0 61 35 c5 fe 7f 00
0x00000149aa7f114d:   00 f7 d1 41 83 f8 10 0f 8c 38 02 00 00 44 8b da
0x00000149aa7f115d:   41 83 e3 0f 74 23 41 83 eb 10 45 03 c3 66 90 0f
0x00000149aa7f116d:   be 02 33 c1 81 e0 ff 00 00 00 c1 e9 08 41 33 0c
0x00000149aa7f117d:   81 48 ff c2 41 ff c3 7c e6 45 8b d8 41 c1 e8 04
0x00000149aa7f118d:   0f 84 fc 01 00 00 c5 f9 6f 0a c5 f9 7e c8 33 c8
0x00000149aa7f119d:   c4 e3 71 22 c9 00 48 83 c2 10 41 83 e8 04 0f 8c
0x00000149aa7f11ad:   d7 00 00 00 c5 f9 6f 12 c5 f9 6f 5a 10 c5 f9 6f
0x00000149aa7f11bd:   62 20 48 83 c2 30 41 83 e8 03 0f 8e 70 00 00 00
0x00000149aa7f11cd:   49 ba a0 61 35 c5 fe 7f 00 00 c4 c1 7a 6f 02 0f
0x00000149aa7f11dd:   1f 40 00 c4 e3 79 44 e9 11 c4 e3 79 44 c9 00 c5
0x00000149aa7f11ed:   f1 ef 0a c5 f1 ef cd c4 e3 79 44 ea 11 c4 e3 79
0x00000149aa7f11fd:   44 d2 00 c5 e9 ef 52 10 c5 e9 ef d5 c4 e3 79 44
0x00000149aa7f120d:   eb 11 c4 e3 79 44 db 00 c5 e1 ef 5a 20 c5 e1 ef
0x00000149aa7f121d:   dd c4 e3 79 44 ec 11 c4 e3 79 44 e4 00 c5 d9 ef 


Stack slot to memory mapping:
stack at sp + 0 slots: 0x00000000000003d8 is an unknown value
stack at sp + 1 slots: 0x00007ffec4f13d36 jvm.dll
stack at sp + 2 slots: 0x00007fff5451f550 ucrtbase.dll
stack at sp + 3 slots: 0x00007fff5451f550 ucrtbase.dll
stack at sp + 4 slots: 0x0000002182dff340 is pointing into the stack for thread: 0x00000149a206d800
stack at sp + 5 slots: 0x0000002182dff2d0 is pointing into the stack for thread: 0x00000149a206d800
stack at sp + 6 slots: 0x0000000000007fd8 is an unknown value
stack at sp + 7 slots: 0x00007ffec49b2c0c jvm.dll

StubRoutines::get_previous_fp [0x00000149aa7f1125, 0x00000149aa7f1132[ (13 bytes)
---------------  P R O C E S S  ---------------

Threads class SMR info:
_java_thread_list=0x00000149c5fbc7e0, length=13, elements={
0x00000149a206d800, 0x00000149c5db1000, 0x00000149c5dba000, 0x00000149c5e21800,
0x00000149c5e22800, 0x00000149c5e23800, 0x00000149c5dd2000, 0x00000149c5dd6800,
0x00000149c5e31800, 0x00000149c5f4f800, 0x00000149c5fc3800, 0x00000149c5fc6800,
0x00000149c6012800
}

Java Threads: ( => current thread )
=>0x00000149a206d800 JavaThread "main" [_thread_in_vm, id=26740, stack(0x0000002182d00000,0x0000002182e00000)]
  0x00000149c5db1000 JavaThread "Reference Handler" daemon [_thread_blocked, id=14484, stack(0x0000002183400000,0x0000002183500000)]
  0x00000149c5dba000 JavaThread "Finalizer" daemon [_thread_blocked, id=19652, stack(0x0000002183500000,0x0000002183600000)]
  0x00000149c5e21800 JavaThread "Signal Dispatcher" daemon [_thread_blocked, id=18336, stack(0x0000002183600000,0x0000002183700000)]
  0x00000149c5e22800 JavaThread "Attach Listener" daemon [_thread_blocked, id=23352, stack(0x0000002183700000,0x0000002183800000)]
  0x00000149c5e23800 JavaThread "Service Thread" daemon [_thread_blocked, id=25780, stack(0x0000002183800000,0x0000002183900000)]
  0x00000149c5dd2000 JavaThread "C2 CompilerThread0" daemon [_thread_blocked, id=27096, stack(0x0000002183900000,0x0000002183a00000)]
  0x00000149c5dd6800 JavaThread "C1 CompilerThread0" daemon [_thread_blocked, id=4328, stack(0x0000002183a00000,0x0000002183b00000)]
  0x00000149c5e31800 JavaThread "Sweeper thread" daemon [_thread_blocked, id=3260, stack(0x0000002183b00000,0x0000002183c00000)]
  0x00000149c5f4f800 JavaThread "Common-Cleaner" daemon [_thread_blocked, id=14328, stack(0x0000002183c00000,0x0000002183d00000)]
  0x00000149c5fc3800 JavaThread "C1 CompilerThread1" daemon [_thread_blocked, id=10596, stack(0x0000002183d00000,0x0000002183e00000)]
  0x00000149c5fc6800 JavaThread "C1 CompilerThread2" daemon [_thread_blocked, id=17924, stack(0x0000002183e00000,0x0000002183f00000)]
  0x00000149c6012800 JavaThread "C2 CompilerThread1" daemon [_thread_blocked, id=15924, stack(0x0000002183f00000,0x0000002184000000)]

Other Threads:
  0x00000149c5d8f000 VMThread "VM Thread" [stack: 0x0000002183300000,0x0000002183400000] [id=16648]
  0x00000149a2085000 GCTaskThread "GC Thread#0" [stack: 0x0000002182e00000,0x0000002182f00000] [id=27564]
  0x00000149a20d9800 ConcurrentGCThread "G1 Main Marker" [stack: 0x0000002182f00000,0x0000002183000000] [id=10088]
  0x00000149a20db000 ConcurrentGCThread "G1 Conc#0" [stack: 0x0000002183000000,0x0000002183100000] [id=23012]
  0x00000149c53f1800 ConcurrentGCThread "G1 Refine#0" [stack: 0x0000002183100000,0x0000002183200000] [id=14616]
  0x00000149c53f3000 ConcurrentGCThread "G1 Young RemSet Sampling" [stack: 0x0000002183200000,0x0000002183300000] [id=22240]

Threads with active compile tasks:

VM state:not at safepoint (normal execution)

VM Mutex/Monitor currently owned by a thread: None

Heap address: 0x0000000722400000, size: 3548 MB, Compressed Oops mode: Zero based, Oop shift amount: 3
Narrow klass base: 0x0000000800000000, Narrow klass shift: 0
Compressed class space size: 1073741824 Address: 0x0000000800000000

Heap:
 garbage-first heap   total 227328K, used 14336K [0x0000000722400000, 0x0000000800000000)
  region size 1024K, 14 young (14336K), 0 survivors (0K)
 Metaspace       used 10195K, capacity 10369K, committed 10496K, reserved 1058816K
  class space    used 893K, capacity 940K, committed 1024K, reserved 1048576K
Heap Regions: E=young(eden), S=young(survivor), O=old, HS=humongous(starts), HC=humongous(continues), CS=collection set, F=free, A=archive, TAMS=top-at-mark-start (previous, next)
|   0|0x0000000722400000, 0x0000000722500000, 0x0000000722500000|100%|HS|  |TAMS 0x0000000722400000, 0x0000000722400000| Complete 
|   1|0x0000000722500000, 0x0000000722600000, 0x0000000722600000|100%|HS|  |TAMS 0x0000000722500000, 0x0000000722500000| Complete 
|   2|0x0000000722600000, 0x0000000722600000, 0x0000000722700000|  0%| F|  |TAMS 0x0000000722600000, 0x0000000722600000| Untracked 
|   3|0x0000000722700000, 0x0000000722700000, 0x0000000722800000|  0%| F|  |TAMS 0x0000000722700000, 0x0000000722700000| Untracked 
|   4|0x0000000722800000, 0x0000000722800000, 0x0000000722900000|  0%| F|  |TAMS 0x0000000722800000, 0x0000000722800000| Untracked 
|   5|0x0000000722900000, 0x0000000722900000, 0x0000000722a00000|  0%| F|  |TAMS 0x0000000722900000, 0x0000000722900000| Untracked 
|   6|0x0000000722a00000, 0x0000000722a00000, 0x0000000722b00000|  0%| F|  |TAMS 0x0000000722a00000, 0x0000000722a00000| Untracked 
|   7|0x0000000722b00000, 0x0000000722b00000, 0x0000000722c00000|  0%| F|  |TAMS 0x0000000722b00000, 0x0000000722b00000| Untracked 
|   8|0x0000000722c00000, 0x0000000722c00000, 0x0000000722d00000|  0%| F|  |TAMS 0x0000000722c00000, 0x0000000722c00000| Untracked 
|   9|0x0000000722d00000, 0x0000000722d00000, 0x0000000722e00000|  0%| F|  |TAMS 0x0000000722d00000, 0x0000000722d00000| Untracked 
|  10|0x0000000722e00000, 0x0000000722e00000, 0x0000000722f00000|  0%| F|  |TAMS 0x0000000722e00000, 0x0000000722e00000| Untracked 
|  11|0x0000000722f00000, 0x0000000722f00000, 0x0000000723000000|  0%| F|  |TAMS 0x0000000722f00000, 0x0000000722f00000| Untracked 
|  12|0x0000000723000000, 0x0000000723000000, 0x0000000723100000|  0%| F|  |TAMS 0x0000000723000000, 0x0000000723000000| Untracked 
|  13|0x0000000723100000, 0x0000000723100000, 0x0000000723200000|  0%| F|  |TAMS 0x0000000723100000, 0x0000000723100000| Untracked 
|  14|0x0000000723200000, 0x0000000723200000, 0x0000000723300000|  0%| F|  |TAMS 0x0000000723200000, 0x0000000723200000| Untracked 
|  15|0x0000000723300000, 0x0000000723300000, 0x0000000723400000|  0%| F|  |TAMS 0x0000000723300000, 0x0000000723300000| Untracked 
|  16|0x0000000723400000, 0x0000000723400000, 0x0000000723500000|  0%| F|  |TAMS 0x0000000723400000, 0x0000000723400000| Untracked 
|  17|0x0000000723500000, 0x0000000723500000, 0x0000000723600000|  0%| F|  |TAMS 0x0000000723500000, 0x0000000723500000| Untracked 
|  18|0x0000000723600000, 0x0000000723600000, 0x0000000723700000|  0%| F|  |TAMS 0x0000000723600000, 0x0000000723600000| Untracked 
|  19|0x0000000723700000, 0x0000000723700000, 0x0000000723800000|  0%| F|  |TAMS 0x0000000723700000, 0x0000000723700000| Untracked 
|  20|0x0000000723800000, 0x0000000723800000, 0x0000000723900000|  0%| F|  |TAMS 0x0000000723800000, 0x0000000723800000| Untracked 
|  21|0x0000000723900000, 0x0000000723900000, 0x0000000723a00000|  0%| F|  |TAMS 0x0000000723900000, 0x0000000723900000| Untracked 
|  22|0x0000000723a00000, 0x0000000723a00000, 0x0000000723b00000|  0%| F|  |TAMS 0x0000000723a00000, 0x0000000723a00000| Untracked 
|  23|0x0000000723b00000, 0x0000000723b00000, 0x0000000723c00000|  0%| F|  |TAMS 0x0000000723b00000, 0x0000000723b00000| Untracked 
|  24|0x0000000723c00000, 0x0000000723c00000, 0x0000000723d00000|  0%| F|  |TAMS 0x0000000723c00000, 0x0000000723c00000| Untracked 
|  25|0x0000000723d00000, 0x0000000723d00000, 0x0000000723e00000|  0%| F|  |TAMS 0x0000000723d00000, 0x0000000723d00000| Untracked 
|  26|0x0000000723e00000, 0x0000000723e00000, 0x0000000723f00000|  0%| F|  |TAMS 0x0000000723e00000, 0x0000000723e00000| Untracked 
|  27|0x0000000723f00000, 0x0000000723f00000, 0x0000000724000000|  0%| F|  |TAMS 0x0000000723f00000, 0x0000000723f00000| Untracked 
|  28|0x0000000724000000, 0x0000000724000000, 0x0000000724100000|  0%| F|  |TAMS 0x0000000724000000, 0x0000000724000000| Untracked 
|  29|0x0000000724100000, 0x0000000724100000, 0x0000000724200000|  0%| F|  |TAMS 0x0000000724100000, 0x0000000724100000| Untracked 
|  30|0x0000000724200000, 0x0000000724200000, 0x0000000724300000|  0%| F|  |TAMS 0x0000000724200000, 0x0000000724200000| Untracked 
|  31|0x0000000724300000, 0x0000000724300000, 0x0000000724400000|  0%| F|  |TAMS 0x0000000724300000, 0x0000000724300000| Untracked 
|  32|0x0000000724400000, 0x0000000724400000, 0x0000000724500000|  0%| F|  |TAMS 0x0000000724400000, 0x0000000724400000| Untracked 
|  33|0x0000000724500000, 0x0000000724500000, 0x0000000724600000|  0%| F|  |TAMS 0x0000000724500000, 0x0000000724500000| Untracked 
|  34|0x0000000724600000, 0x0000000724600000, 0x0000000724700000|  0%| F|  |TAMS 0x0000000724600000, 0x0000000724600000| Untracked 
|  35|0x0000000724700000, 0x0000000724700000, 0x0000000724800000|  0%| F|  |TAMS 0x0000000724700000, 0x0000000724700000| Untracked 
|  36|0x0000000724800000, 0x0000000724800000, 0x0000000724900000|  0%| F|  |TAMS 0x0000000724800000, 0x0000000724800000| Untracked 
|  37|0x0000000724900000, 0x0000000724900000, 0x0000000724a00000|  0%| F|  |TAMS 0x0000000724900000, 0x0000000724900000| Untracked 
|  38|0x0000000724a00000, 0x0000000724a00000, 0x0000000724b00000|  0%| F|  |TAMS 0x0000000724a00000, 0x0000000724a00000| Untracked 
|  39|0x0000000724b00000, 0x0000000724b00000, 0x0000000724c00000|  0%| F|  |TAMS 0x0000000724b00000, 0x0000000724b00000| Untracked 
|  40|0x0000000724c00000, 0x0000000724c00000, 0x0000000724d00000|  0%| F|  |TAMS 0x0000000724c00000, 0x0000000724c00000| Untracked 
|  41|0x0000000724d00000, 0x0000000724d00000, 0x0000000724e00000|  0%| F|  |TAMS 0x0000000724d00000, 0x0000000724d00000| Untracked 
|  42|0x0000000724e00000, 0x0000000724e00000, 0x0000000724f00000|  0%| F|  |TAMS 0x0000000724e00000, 0x0000000724e00000| Untracked 
|  43|0x0000000724f00000, 0x0000000724f00000, 0x0000000725000000|  0%| F|  |TAMS 0x0000000724f00000, 0x0000000724f00000| Untracked 
|  44|0x0000000725000000, 0x0000000725000000, 0x0000000725100000|  0%| F|  |TAMS 0x0000000725000000, 0x0000000725000000| Untracked 
|  45|0x0000000725100000, 0x0000000725100000, 0x0000000725200000|  0%| F|  |TAMS 0x0000000725100000, 0x0000000725100000| Untracked 
|  46|0x0000000725200000, 0x0000000725200000, 0x0000000725300000|  0%| F|  |TAMS 0x0000000725200000, 0x0000000725200000| Untracked 
|  47|0x0000000725300000, 0x0000000725300000, 0x0000000725400000|  0%| F|  |TAMS 0x0000000725300000, 0x0000000725300000| Untracked 
|  48|0x0000000725400000, 0x0000000725400000, 0x0000000725500000|  0%| F|  |TAMS 0x0000000725400000, 0x0000000725400000| Untracked 
|  49|0x0000000725500000, 0x0000000725500000, 0x0000000725600000|  0%| F|  |TAMS 0x0000000725500000, 0x0000000725500000| Untracked 
|  50|0x0000000725600000, 0x0000000725600000, 0x0000000725700000|  0%| F|  |TAMS 0x0000000725600000, 0x0000000725600000| Untracked 
|  51|0x0000000725700000, 0x0000000725700000, 0x0000000725800000|  0%| F|  |TAMS 0x0000000725700000, 0x0000000725700000| Untracked 
|  52|0x0000000725800000, 0x0000000725800000, 0x0000000725900000|  0%| F|  |TAMS 0x0000000725800000, 0x0000000725800000| Untracked 
|  53|0x0000000725900000, 0x0000000725900000, 0x0000000725a00000|  0%| F|  |TAMS 0x0000000725900000, 0x0000000725900000| Untracked 
|  54|0x0000000725a00000, 0x0000000725a00000, 0x0000000725b00000|  0%| F|  |TAMS 0x0000000725a00000, 0x0000000725a00000| Untracked 
|  55|0x0000000725b00000, 0x0000000725b00000, 0x0000000725c00000|  0%| F|  |TAMS 0x0000000725b00000, 0x0000000725b00000| Untracked 
|  56|0x0000000725c00000, 0x0000000725c00000, 0x0000000725d00000|  0%| F|  |TAMS 0x0000000725c00000, 0x0000000725c00000| Untracked 
|  57|0x0000000725d00000, 0x0000000725d00000, 0x0000000725e00000|  0%| F|  |TAMS 0x0000000725d00000, 0x0000000725d00000| Untracked 
|  58|0x0000000725e00000, 0x0000000725e00000, 0x0000000725f00000|  0%| F|  |TAMS 0x0000000725e00000, 0x0000000725e00000| Untracked 
|  59|0x0000000725f00000, 0x0000000725f00000, 0x0000000726000000|  0%| F|  |TAMS 0x0000000725f00000, 0x0000000725f00000| Untracked 
|  60|0x0000000726000000, 0x0000000726000000, 0x0000000726100000|  0%| F|  |TAMS 0x0000000726000000, 0x0000000726000000| Untracked 
|  61|0x0000000726100000, 0x0000000726100000, 0x0000000726200000|  0%| F|  |TAMS 0x0000000726100000, 0x0000000726100000| Untracked 
|  62|0x0000000726200000, 0x0000000726200000, 0x0000000726300000|  0%| F|  |TAMS 0x0000000726200000, 0x0000000726200000| Untracked 
|  63|0x0000000726300000, 0x0000000726300000, 0x0000000726400000|  0%| F|  |TAMS 0x0000000726300000, 0x0000000726300000| Untracked 
|  64|0x0000000726400000, 0x0000000726400000, 0x0000000726500000|  0%| F|  |TAMS 0x0000000726400000, 0x0000000726400000| Untracked 
|  65|0x0000000726500000, 0x0000000726500000, 0x0000000726600000|  0%| F|  |TAMS 0x0000000726500000, 0x0000000726500000| Untracked 
|  66|0x0000000726600000, 0x0000000726600000, 0x0000000726700000|  0%| F|  |TAMS 0x0000000726600000, 0x0000000726600000| Untracked 
|  67|0x0000000726700000, 0x0000000726700000, 0x0000000726800000|  0%| F|  |TAMS 0x0000000726700000, 0x0000000726700000| Untracked 
|  68|0x0000000726800000, 0x0000000726800000, 0x0000000726900000|  0%| F|  |TAMS 0x0000000726800000, 0x0000000726800000| Untracked 
|  69|0x0000000726900000, 0x0000000726900000, 0x0000000726a00000|  0%| F|  |TAMS 0x0000000726900000, 0x0000000726900000| Untracked 
|  70|0x0000000726a00000, 0x0000000726a00000, 0x0000000726b00000|  0%| F|  |TAMS 0x0000000726a00000, 0x0000000726a00000| Untracked 
|  71|0x0000000726b00000, 0x0000000726b00000, 0x0000000726c00000|  0%| F|  |TAMS 0x0000000726b00000, 0x0000000726b00000| Untracked 
|  72|0x0000000726c00000, 0x0000000726c00000, 0x0000000726d00000|  0%| F|  |TAMS 0x0000000726c00000, 0x0000000726c00000| Untracked 
|  73|0x0000000726d00000, 0x0000000726d00000, 0x0000000726e00000|  0%| F|  |TAMS 0x0000000726d00000, 0x0000000726d00000| Untracked 
|  74|0x0000000726e00000, 0x0000000726e00000, 0x0000000726f00000|  0%| F|  |TAMS 0x0000000726e00000, 0x0000000726e00000| Untracked 
|  75|0x0000000726f00000, 0x0000000726f00000, 0x0000000727000000|  0%| F|  |TAMS 0x0000000726f00000, 0x0000000726f00000| Untracked 
|  76|0x0000000727000000, 0x0000000727000000, 0x0000000727100000|  0%| F|  |TAMS 0x0000000727000000, 0x0000000727000000| Untracked 
|  77|0x0000000727100000, 0x0000000727100000, 0x0000000727200000|  0%| F|  |TAMS 0x0000000727100000, 0x0000000727100000| Untracked 
|  78|0x0000000727200000, 0x0000000727200000, 0x0000000727300000|  0%| F|  |TAMS 0x0000000727200000, 0x0000000727200000| Untracked 
|  79|0x0000000727300000, 0x0000000727300000, 0x0000000727400000|  0%| F|  |TAMS 0x0000000727300000, 0x0000000727300000| Untracked 
|  80|0x0000000727400000, 0x0000000727400000, 0x0000000727500000|  0%| F|  |TAMS 0x0000000727400000, 0x0000000727400000| Untracked 
|  81|0x0000000727500000, 0x0000000727500000, 0x0000000727600000|  0%| F|  |TAMS 0x0000000727500000, 0x0000000727500000| Untracked 
|  82|0x0000000727600000, 0x0000000727600000, 0x0000000727700000|  0%| F|  |TAMS 0x0000000727600000, 0x0000000727600000| Untracked 
|  83|0x0000000727700000, 0x0000000727700000, 0x0000000727800000|  0%| F|  |TAMS 0x0000000727700000, 0x0000000727700000| Untracked 
|  84|0x0000000727800000, 0x0000000727800000, 0x0000000727900000|  0%| F|  |TAMS 0x0000000727800000, 0x0000000727800000| Untracked 
|  85|0x0000000727900000, 0x0000000727900000, 0x0000000727a00000|  0%| F|  |TAMS 0x0000000727900000, 0x0000000727900000| Untracked 
|  86|0x0000000727a00000, 0x0000000727a00000, 0x0000000727b00000|  0%| F|  |TAMS 0x0000000727a00000, 0x0000000727a00000| Untracked 
|  87|0x0000000727b00000, 0x0000000727b00000, 0x0000000727c00000|  0%| F|  |TAMS 0x0000000727b00000, 0x0000000727b00000| Untracked 
|  88|0x0000000727c00000, 0x0000000727c00000, 0x0000000727d00000|  0%| F|  |TAMS 0x0000000727c00000, 0x0000000727c00000| Untracked 
|  89|0x0000000727d00000, 0x0000000727d00000, 0x0000000727e00000|  0%| F|  |TAMS 0x0000000727d00000, 0x0000000727d00000| Untracked 
|  90|0x0000000727e00000, 0x0000000727e00000, 0x0000000727f00000|  0%| F|  |TAMS 0x0000000727e00000, 0x0000000727e00000| Untracked 
|  91|0x0000000727f00000, 0x0000000727f00000, 0x0000000728000000|  0%| F|  |TAMS 0x0000000727f00000, 0x0000000727f00000| Untracked 
|  92|0x0000000728000000, 0x0000000728000000, 0x0000000728100000|  0%| F|  |TAMS 0x0000000728000000, 0x0000000728000000| Untracked 
|  93|0x0000000728100000, 0x0000000728100000, 0x0000000728200000|  0%| F|  |TAMS 0x0000000728100000, 0x0000000728100000| Untracked 
|  94|0x0000000728200000, 0x0000000728200000, 0x0000000728300000|  0%| F|  |TAMS 0x0000000728200000, 0x0000000728200000| Untracked 
|  95|0x0000000728300000, 0x0000000728300000, 0x0000000728400000|  0%| F|  |TAMS 0x0000000728300000, 0x0000000728300000| Untracked 
|  96|0x0000000728400000, 0x0000000728400000, 0x0000000728500000|  0%| F|  |TAMS 0x0000000728400000, 0x0000000728400000| Untracked 
|  97|0x0000000728500000, 0x0000000728500000, 0x0000000728600000|  0%| F|  |TAMS 0x0000000728500000, 0x0000000728500000| Untracked 
|  98|0x0000000728600000, 0x0000000728600000, 0x0000000728700000|  0%| F|  |TAMS 0x0000000728600000, 0x0000000728600000| Untracked 
|  99|0x0000000728700000, 0x0000000728700000, 0x0000000728800000|  0%| F|  |TAMS 0x0000000728700000, 0x0000000728700000| Untracked 
| 100|0x0000000728800000, 0x0000000728800000, 0x0000000728900000|  0%| F|  |TAMS 0x0000000728800000, 0x0000000728800000| Untracked 
| 101|0x0000000728900000, 0x0000000728900000, 0x0000000728a00000|  0%| F|  |TAMS 0x0000000728900000, 0x0000000728900000| Untracked 
| 102|0x0000000728a00000, 0x0000000728a00000, 0x0000000728b00000|  0%| F|  |TAMS 0x0000000728a00000, 0x0000000728a00000| Untracked 
| 103|0x0000000728b00000, 0x0000000728b00000, 0x0000000728c00000|  0%| F|  |TAMS 0x0000000728b00000, 0x0000000728b00000| Untracked 
| 104|0x0000000728c00000, 0x0000000728c00000, 0x0000000728d00000|  0%| F|  |TAMS 0x0000000728c00000, 0x0000000728c00000| Untracked 
| 105|0x0000000728d00000, 0x0000000728d00000, 0x0000000728e00000|  0%| F|  |TAMS 0x0000000728d00000, 0x0000000728d00000| Untracked 
| 106|0x0000000728e00000, 0x0000000728e00000, 0x0000000728f00000|  0%| F|  |TAMS 0x0000000728e00000, 0x0000000728e00000| Untracked 
| 107|0x0000000728f00000, 0x0000000728f00000, 0x0000000729000000|  0%| F|  |TAMS 0x0000000728f00000, 0x0000000728f00000| Untracked 
| 108|0x0000000729000000, 0x0000000729000000, 0x0000000729100000|  0%| F|  |TAMS 0x0000000729000000, 0x0000000729000000| Untracked 
| 109|0x0000000729100000, 0x0000000729100000, 0x0000000729200000|  0%| F|  |TAMS 0x0000000729100000, 0x0000000729100000| Untracked 
| 110|0x0000000729200000, 0x0000000729200000, 0x0000000729300000|  0%| F|  |TAMS 0x0000000729200000, 0x0000000729200000| Untracked 
| 111|0x0000000729300000, 0x0000000729300000, 0x0000000729400000|  0%| F|  |TAMS 0x0000000729300000, 0x0000000729300000| Untracked 
| 112|0x0000000729400000, 0x0000000729400000, 0x0000000729500000|  0%| F|  |TAMS 0x0000000729400000, 0x0000000729400000| Untracked 
| 113|0x0000000729500000, 0x0000000729500000, 0x0000000729600000|  0%| F|  |TAMS 0x0000000729500000, 0x0000000729500000| Untracked 
| 114|0x0000000729600000, 0x0000000729600000, 0x0000000729700000|  0%| F|  |TAMS 0x0000000729600000, 0x0000000729600000| Untracked 
| 115|0x0000000729700000, 0x0000000729700000, 0x0000000729800000|  0%| F|  |TAMS 0x0000000729700000, 0x0000000729700000| Untracked 
| 116|0x0000000729800000, 0x0000000729800000, 0x0000000729900000|  0%| F|  |TAMS 0x0000000729800000, 0x0000000729800000| Untracked 
| 117|0x0000000729900000, 0x0000000729900000, 0x0000000729a00000|  0%| F|  |TAMS 0x0000000729900000, 0x0000000729900000| Untracked 
| 118|0x0000000729a00000, 0x0000000729a00000, 0x0000000729b00000|  0%| F|  |TAMS 0x0000000729a00000, 0x0000000729a00000| Untracked 
| 119|0x0000000729b00000, 0x0000000729b00000, 0x0000000729c00000|  0%| F|  |TAMS 0x0000000729b00000, 0x0000000729b00000| Untracked 
| 120|0x0000000729c00000, 0x0000000729c00000, 0x0000000729d00000|  0%| F|  |TAMS 0x0000000729c00000, 0x0000000729c00000| Untracked 
| 121|0x0000000729d00000, 0x0000000729d00000, 0x0000000729e00000|  0%| F|  |TAMS 0x0000000729d00000, 0x0000000729d00000| Untracked 
| 122|0x0000000729e00000, 0x0000000729e00000, 0x0000000729f00000|  0%| F|  |TAMS 0x0000000729e00000, 0x0000000729e00000| Untracked 
| 123|0x0000000729f00000, 0x0000000729f00000, 0x000000072a000000|  0%| F|  |TAMS 0x0000000729f00000, 0x0000000729f00000| Untracked 
| 124|0x000000072a000000, 0x000000072a000000, 0x000000072a100000|  0%| F|  |TAMS 0x000000072a000000, 0x000000072a000000| Untracked 
| 125|0x000000072a100000, 0x000000072a100000, 0x000000072a200000|  0%| F|  |TAMS 0x000000072a100000, 0x000000072a100000| Untracked 
| 126|0x000000072a200000, 0x000000072a200000, 0x000000072a300000|  0%| F|  |TAMS 0x000000072a200000, 0x000000072a200000| Untracked 
| 127|0x000000072a300000, 0x000000072a300000, 0x000000072a400000|  0%| F|  |TAMS 0x000000072a300000, 0x000000072a300000| Untracked 
| 128|0x000000072a400000, 0x000000072a400000, 0x000000072a500000|  0%| F|  |TAMS 0x000000072a400000, 0x000000072a400000| Untracked 
| 129|0x000000072a500000, 0x000000072a500000, 0x000000072a600000|  0%| F|  |TAMS 0x000000072a500000, 0x000000072a500000| Untracked 
| 130|0x000000072a600000, 0x000000072a600000, 0x000000072a700000|  0%| F|  |TAMS 0x000000072a600000, 0x000000072a600000| Untracked 
| 131|0x000000072a700000, 0x000000072a700000, 0x000000072a800000|  0%| F|  |TAMS 0x000000072a700000, 0x000000072a700000| Untracked 
| 132|0x000000072a800000, 0x000000072a800000, 0x000000072a900000|  0%| F|  |TAMS 0x000000072a800000, 0x000000072a800000| Untracked 
| 133|0x000000072a900000, 0x000000072a900000, 0x000000072aa00000|  0%| F|  |TAMS 0x000000072a900000, 0x000000072a900000| Untracked 
| 134|0x000000072aa00000, 0x000000072aa00000, 0x000000072ab00000|  0%| F|  |TAMS 0x000000072aa00000, 0x000000072aa00000| Untracked 
| 135|0x000000072ab00000, 0x000000072ab00000, 0x000000072ac00000|  0%| F|  |TAMS 0x000000072ab00000, 0x000000072ab00000| Untracked 
| 136|0x000000072ac00000, 0x000000072ac00000, 0x000000072ad00000|  0%| F|  |TAMS 0x000000072ac00000, 0x000000072ac00000| Untracked 
| 137|0x000000072ad00000, 0x000000072ad00000, 0x000000072ae00000|  0%| F|  |TAMS 0x000000072ad00000, 0x000000072ad00000| Untracked 
| 138|0x000000072ae00000, 0x000000072ae00000, 0x000000072af00000|  0%| F|  |TAMS 0x000000072ae00000, 0x000000072ae00000| Untracked 
| 139|0x000000072af00000, 0x000000072af00000, 0x000000072b000000|  0%| F|  |TAMS 0x000000072af00000, 0x000000072af00000| Untracked 
| 140|0x000000072b000000, 0x000000072b000000, 0x000000072b100000|  0%| F|  |TAMS 0x000000072b000000, 0x000000072b000000| Untracked 
| 141|0x000000072b100000, 0x000000072b100000, 0x000000072b200000|  0%| F|  |TAMS 0x000000072b100000, 0x000000072b100000| Untracked 
| 142|0x000000072b200000, 0x000000072b200000, 0x000000072b300000|  0%| F|  |TAMS 0x000000072b200000, 0x000000072b200000| Untracked 
| 143|0x000000072b300000, 0x000000072b300000, 0x000000072b400000|  0%| F|  |TAMS 0x000000072b300000, 0x000000072b300000| Untracked 
| 144|0x000000072b400000, 0x000000072b400000, 0x000000072b500000|  0%| F|  |TAMS 0x000000072b400000, 0x000000072b400000| Untracked 
| 145|0x000000072b500000, 0x000000072b500000, 0x000000072b600000|  0%| F|  |TAMS 0x000000072b500000, 0x000000072b500000| Untracked 
| 146|0x000000072b600000, 0x000000072b600000, 0x000000072b700000|  0%| F|  |TAMS 0x000000072b600000, 0x000000072b600000| Untracked 
| 147|0x000000072b700000, 0x000000072b700000, 0x000000072b800000|  0%| F|  |TAMS 0x000000072b700000, 0x000000072b700000| Untracked 
| 148|0x000000072b800000, 0x000000072b800000, 0x000000072b900000|  0%| F|  |TAMS 0x000000072b800000, 0x000000072b800000| Untracked 
| 149|0x000000072b900000, 0x000000072b900000, 0x000000072ba00000|  0%| F|  |TAMS 0x000000072b900000, 0x000000072b900000| Untracked 
| 150|0x000000072ba00000, 0x000000072ba00000, 0x000000072bb00000|  0%| F|  |TAMS 0x000000072ba00000, 0x000000072ba00000| Untracked 
| 151|0x000000072bb00000, 0x000000072bb00000, 0x000000072bc00000|  0%| F|  |TAMS 0x000000072bb00000, 0x000000072bb00000| Untracked 
| 152|0x000000072bc00000, 0x000000072bc00000, 0x000000072bd00000|  0%| F|  |TAMS 0x000000072bc00000, 0x000000072bc00000| Untracked 
| 153|0x000000072bd00000, 0x000000072bd00000, 0x000000072be00000|  0%| F|  |TAMS 0x000000072bd00000, 0x000000072bd00000| Untracked 
| 154|0x000000072be00000, 0x000000072be00000, 0x000000072bf00000|  0%| F|  |TAMS 0x000000072be00000, 0x000000072be00000| Untracked 
| 155|0x000000072bf00000, 0x000000072bf00000, 0x000000072c000000|  0%| F|  |TAMS 0x000000072bf00000, 0x000000072bf00000| Untracked 
| 156|0x000000072c000000, 0x000000072c000000, 0x000000072c100000|  0%| F|  |TAMS 0x000000072c000000, 0x000000072c000000| Untracked 
| 157|0x000000072c100000, 0x000000072c100000, 0x000000072c200000|  0%| F|  |TAMS 0x000000072c100000, 0x000000072c100000| Untracked 
| 158|0x000000072c200000, 0x000000072c200000, 0x000000072c300000|  0%| F|  |TAMS 0x000000072c200000, 0x000000072c200000| Untracked 
| 159|0x000000072c300000, 0x000000072c300000, 0x000000072c400000|  0%| F|  |TAMS 0x000000072c300000, 0x000000072c300000| Untracked 
| 160|0x000000072c400000, 0x000000072c400000, 0x000000072c500000|  0%| F|  |TAMS 0x000000072c400000, 0x000000072c400000| Untracked 
| 161|0x000000072c500000, 0x000000072c500000, 0x000000072c600000|  0%| F|  |TAMS 0x000000072c500000, 0x000000072c500000| Untracked 
| 162|0x000000072c600000, 0x000000072c600000, 0x000000072c700000|  0%| F|  |TAMS 0x000000072c600000, 0x000000072c600000| Untracked 
| 163|0x000000072c700000, 0x000000072c700000, 0x000000072c800000|  0%| F|  |TAMS 0x000000072c700000, 0x000000072c700000| Untracked 
| 164|0x000000072c800000, 0x000000072c800000, 0x000000072c900000|  0%| F|  |TAMS 0x000000072c800000, 0x000000072c800000| Untracked 
| 165|0x000000072c900000, 0x000000072c900000, 0x000000072ca00000|  0%| F|  |TAMS 0x000000072c900000, 0x000000072c900000| Untracked 
| 166|0x000000072ca00000, 0x000000072ca00000, 0x000000072cb00000|  0%| F|  |TAMS 0x000000072ca00000, 0x000000072ca00000| Untracked 
| 167|0x000000072cb00000, 0x000000072cb00000, 0x000000072cc00000|  0%| F|  |TAMS 0x000000072cb00000, 0x000000072cb00000| Untracked 
| 168|0x000000072cc00000, 0x000000072cc00000, 0x000000072cd00000|  0%| F|  |TAMS 0x000000072cc00000, 0x000000072cc00000| Untracked 
| 169|0x000000072cd00000, 0x000000072cd00000, 0x000000072ce00000|  0%| F|  |TAMS 0x000000072cd00000, 0x000000072cd00000| Untracked 
| 170|0x000000072ce00000, 0x000000072ce00000, 0x000000072cf00000|  0%| F|  |TAMS 0x000000072ce00000, 0x000000072ce00000| Untracked 
| 171|0x000000072cf00000, 0x000000072cf00000, 0x000000072d000000|  0%| F|  |TAMS 0x000000072cf00000, 0x000000072cf00000| Untracked 
| 172|0x000000072d000000, 0x000000072d000000, 0x000000072d100000|  0%| F|  |TAMS 0x000000072d000000, 0x000000072d000000| Untracked 
| 173|0x000000072d100000, 0x000000072d100000, 0x000000072d200000|  0%| F|  |TAMS 0x000000072d100000, 0x000000072d100000| Untracked 
| 174|0x000000072d200000, 0x000000072d200000, 0x000000072d300000|  0%| F|  |TAMS 0x000000072d200000, 0x000000072d200000| Untracked 
| 175|0x000000072d300000, 0x000000072d300000, 0x000000072d400000|  0%| F|  |TAMS 0x000000072d300000, 0x000000072d300000| Untracked 
| 176|0x000000072d400000, 0x000000072d400000, 0x000000072d500000|  0%| F|  |TAMS 0x000000072d400000, 0x000000072d400000| Untracked 
| 177|0x000000072d500000, 0x000000072d500000, 0x000000072d600000|  0%| F|  |TAMS 0x000000072d500000, 0x000000072d500000| Untracked 
| 178|0x000000072d600000, 0x000000072d600000, 0x000000072d700000|  0%| F|  |TAMS 0x000000072d600000, 0x000000072d600000| Untracked 
| 179|0x000000072d700000, 0x000000072d700000, 0x000000072d800000|  0%| F|  |TAMS 0x000000072d700000, 0x000000072d700000| Untracked 
| 180|0x000000072d800000, 0x000000072d800000, 0x000000072d900000|  0%| F|  |TAMS 0x000000072d800000, 0x000000072d800000| Untracked 
| 181|0x000000072d900000, 0x000000072d900000, 0x000000072da00000|  0%| F|  |TAMS 0x000000072d900000, 0x000000072d900000| Untracked 
| 182|0x000000072da00000, 0x000000072da00000, 0x000000072db00000|  0%| F|  |TAMS 0x000000072da00000, 0x000000072da00000| Untracked 
| 183|0x000000072db00000, 0x000000072db00000, 0x000000072dc00000|  0%| F|  |TAMS 0x000000072db00000, 0x000000072db00000| Untracked 
| 184|0x000000072dc00000, 0x000000072dc00000, 0x000000072dd00000|  0%| F|  |TAMS 0x000000072dc00000, 0x000000072dc00000| Untracked 
| 185|0x000000072dd00000, 0x000000072dd00000, 0x000000072de00000|  0%| F|  |TAMS 0x000000072dd00000, 0x000000072dd00000| Untracked 
| 186|0x000000072de00000, 0x000000072de00000, 0x000000072df00000|  0%| F|  |TAMS 0x000000072de00000, 0x000000072de00000| Untracked 
| 187|0x000000072df00000, 0x000000072df00000, 0x000000072e000000|  0%| F|  |TAMS 0x000000072df00000, 0x000000072df00000| Untracked 
| 188|0x000000072e000000, 0x000000072e000000, 0x000000072e100000|  0%| F|  |TAMS 0x000000072e000000, 0x000000072e000000| Untracked 
| 189|0x000000072e100000, 0x000000072e100000, 0x000000072e200000|  0%| F|  |TAMS 0x000000072e100000, 0x000000072e100000| Untracked 
| 190|0x000000072e200000, 0x000000072e200000, 0x000000072e300000|  0%| F|  |TAMS 0x000000072e200000, 0x000000072e200000| Untracked 
| 191|0x000000072e300000, 0x000000072e300000, 0x000000072e400000|  0%| F|  |TAMS 0x000000072e300000, 0x000000072e300000| Untracked 
| 192|0x000000072e400000, 0x000000072e400000, 0x000000072e500000|  0%| F|  |TAMS 0x000000072e400000, 0x000000072e400000| Untracked 
| 193|0x000000072e500000, 0x000000072e500000, 0x000000072e600000|  0%| F|  |TAMS 0x000000072e500000, 0x000000072e500000| Untracked 
| 194|0x000000072e600000, 0x000000072e600000, 0x000000072e700000|  0%| F|  |TAMS 0x000000072e600000, 0x000000072e600000| Untracked 
| 195|0x000000072e700000, 0x000000072e700000, 0x000000072e800000|  0%| F|  |TAMS 0x000000072e700000, 0x000000072e700000| Untracked 
| 196|0x000000072e800000, 0x000000072e800000, 0x000000072e900000|  0%| F|  |TAMS 0x000000072e800000, 0x000000072e800000| Untracked 
| 197|0x000000072e900000, 0x000000072e900000, 0x000000072ea00000|  0%| F|  |TAMS 0x000000072e900000, 0x000000072e900000| Untracked 
| 198|0x000000072ea00000, 0x000000072ea00000, 0x000000072eb00000|  0%| F|  |TAMS 0x000000072ea00000, 0x000000072ea00000| Untracked 
| 199|0x000000072eb00000, 0x000000072eb00000, 0x000000072ec00000|  0%| F|  |TAMS 0x000000072eb00000, 0x000000072eb00000| Untracked 
| 200|0x000000072ec00000, 0x000000072ec00000, 0x000000072ed00000|  0%| F|  |TAMS 0x000000072ec00000, 0x000000072ec00000| Untracked 
| 201|0x000000072ed00000, 0x000000072ed00000, 0x000000072ee00000|  0%| F|  |TAMS 0x000000072ed00000, 0x000000072ed00000| Untracked 
| 202|0x000000072ee00000, 0x000000072ee00000, 0x000000072ef00000|  0%| F|  |TAMS 0x000000072ee00000, 0x000000072ee00000| Untracked 
| 203|0x000000072ef00000, 0x000000072ef00000, 0x000000072f000000|  0%| F|  |TAMS 0x000000072ef00000, 0x000000072ef00000| Untracked 
| 204|0x000000072f000000, 0x000000072f000000, 0x000000072f100000|  0%| F|  |TAMS 0x000000072f000000, 0x000000072f000000| Untracked 
| 205|0x000000072f100000, 0x000000072f100000, 0x000000072f200000|  0%| F|  |TAMS 0x000000072f100000, 0x000000072f100000| Untracked 
| 206|0x000000072f200000, 0x000000072f200000, 0x000000072f300000|  0%| F|  |TAMS 0x000000072f200000, 0x000000072f200000| Untracked 
| 207|0x000000072f300000, 0x000000072f300000, 0x000000072f400000|  0%| F|  |TAMS 0x000000072f300000, 0x000000072f300000| Untracked 
| 208|0x000000072f400000, 0x000000072f4f64c0, 0x000000072f500000| 96%| E|  |TAMS 0x000000072f400000, 0x000000072f400000| Complete 
| 209|0x000000072f500000, 0x000000072f600000, 0x000000072f600000|100%| E|CS|TAMS 0x000000072f500000, 0x000000072f500000| Complete 
| 210|0x000000072f600000, 0x000000072f700000, 0x000000072f700000|100%| E|CS|TAMS 0x000000072f600000, 0x000000072f600000| Complete 
| 211|0x000000072f700000, 0x000000072f800000, 0x000000072f800000|100%| E|CS|TAMS 0x000000072f700000, 0x000000072f700000| Complete 
| 212|0x000000072f800000, 0x000000072f900000, 0x000000072f900000|100%| E|CS|TAMS 0x000000072f800000, 0x000000072f800000| Complete 
| 213|0x000000072f900000, 0x000000072fa00000, 0x000000072fa00000|100%| E|CS|TAMS 0x000000072f900000, 0x000000072f900000| Complete 
| 214|0x000000072fa00000, 0x000000072fb00000, 0x000000072fb00000|100%| E|  |TAMS 0x000000072fa00000, 0x000000072fa00000| Complete 
| 215|0x000000072fb00000, 0x000000072fc00000, 0x000000072fc00000|100%| E|CS|TAMS 0x000000072fb00000, 0x000000072fb00000| Complete 
| 216|0x000000072fc00000, 0x000000072fd00000, 0x000000072fd00000|100%| E|CS|TAMS 0x000000072fc00000, 0x000000072fc00000| Complete 
| 217|0x000000072fd00000, 0x000000072fe00000, 0x000000072fe00000|100%| E|CS|TAMS 0x000000072fd00000, 0x000000072fd00000| Complete 
| 218|0x000000072fe00000, 0x000000072ff00000, 0x000000072ff00000|100%| E|CS|TAMS 0x000000072fe00000, 0x000000072fe00000| Complete 
| 219|0x000000072ff00000, 0x0000000730000000, 0x0000000730000000|100%| E|CS|TAMS 0x000000072ff00000, 0x000000072ff00000| Complete 
| 220|0x0000000730000000, 0x0000000730100000, 0x0000000730100000|100%| E|CS|TAMS 0x0000000730000000, 0x0000000730000000| Complete 
| 221|0x0000000730100000, 0x0000000730200000, 0x0000000730200000|100%| E|CS|TAMS 0x0000000730100000, 0x0000000730100000| Complete 

Card table byte_map: [0x00000149ba760000,0x00000149bae50000] _byte_map_base: 0x00000149b6e4e000

Marking Bits (Prev, Next): (CMBitMap*) 0x00000149a20cb038, (CMBitMap*) 0x00000149a20cb070
 Prev Bits: [0x00000149bb540000, 0x00000149becb0000)
 Next Bits: [0x00000149becb0000, 0x00000149c2420000)

Polling page: 0x00000149a0030000

Metaspace:

Usage:
  Non-class:      9.21 MB capacity,     9.08 MB ( 99%) used,   118.48 KB (  1%) free+waste,     8.63 KB ( <1%) overhead. 
      Class:    940.00 KB capacity,   893.11 KB ( 95%) used,    43.64 KB (  5%) free+waste,     3.25 KB ( <1%) overhead. 
       Both:     10.13 MB capacity,     9.96 MB ( 98%) used,   162.13 KB (  2%) free+waste,    11.88 KB ( <1%) overhead. 

Virtual space:
  Non-class space:       10.00 MB reserved,       9.25 MB ( 93%) committed 
      Class space:        1.00 GB reserved,       1.00 MB ( <1%) committed 
             Both:        1.01 GB reserved,      10.25 MB ( <1%) committed 

Chunk freelists:
   Non-Class:  43.00 KB
       Class:  20.00 KB
        Both:  63.00 KB

MaxMetaspaceSize: 17179869184.00 GB
CompressedClassSpaceSize: 1.00 GB
Initial GC threshold: 20.80 MB
Current GC threshold: 20.80 MB
CDS: off

CodeHeap 'non-profiled nmethods': size=119168Kb used=210Kb max_used=210Kb free=118957Kb
 bounds [0x00000149b2390000, 0x00000149b2600000, 0x00000149b97f0000]
CodeHeap 'profiled nmethods': size=119168Kb used=1153Kb max_used=1153Kb free=118014Kb
 bounds [0x00000149aaf30000, 0x00000149ab1a0000, 0x00000149b2390000]
CodeHeap 'non-nmethods': size=7424Kb used=2254Kb max_used=2266Kb free=5169Kb
 bounds [0x00000149aa7f0000, 0x00000149aaa60000, 0x00000149aaf30000]
 total_blobs=1076 nmethods=694 adapters=293
 compilation: enabled
              stopped_count=0, restarted_count=0
 full_count=0

Compilation events (20 events):
Event: 0.391 Thread 0x00000149c5dd6800 nmethod 679 0x00000149ab04a410 code [0x00000149ab04a700, 0x00000149ab04bd78]
Event: 0.391 Thread 0x00000149c5fc6800 nmethod 684 0x00000149ab04c310 code [0x00000149ab04c500, 0x00000149ab04c818]
Event: 0.391 Thread 0x00000149c5fc6800  685       3       java.util.StringTokenizer::hasMoreTokens (29 bytes)
Event: 0.392 Thread 0x00000149c5fc6800 nmethod 685 0x00000149ab04c990 code [0x00000149ab04cb40, 0x00000149ab04cce8]
Event: 0.392 Thread 0x00000149c5fc3800 nmethod 683 0x00000149ab04cd90 code [0x00000149ab04d040, 0x00000149ab04dd88]
Event: 0.392 Thread 0x00000149c6012800 nmethod 686 0x00000149b23c3810 code [0x00000149b23c39a0, 0x00000149b23c3a38]
Event: 0.392 Thread 0x00000149c6012800  688       4       java.lang.String::substring (58 bytes)
Event: 0.395 Thread 0x00000149c5dd6800  689       3       java.nio.ByteBuffer::position (8 bytes)
Event: 0.395 Thread 0x00000149c5dd6800 nmethod 689 0x00000149ab04e290 code [0x00000149ab04e440, 0x00000149ab04e588]
Event: 0.396 Thread 0x00000149c6012800 nmethod 688 0x00000149b23c3b10 code [0x00000149b23c3cc0, 0x00000149b23c4198]
Event: 0.396 Thread 0x00000149c5dd2000 nmethod 687 0x00000149b23c4410 code [0x00000149b23c45c0, 0x00000149b23c4918]
Event: 0.397 Thread 0x00000149c5fc6800  690       3       java.lang.String::charAt (25 bytes)
Event: 0.397 Thread 0x00000149c5fc6800 nmethod 690 0x00000149ab04e610 code [0x00000149ab04e820, 0x00000149ab04ed38]
Event: 0.398 Thread 0x00000149c5fc3800  691       3       java.util.Collections$UnmodifiableCollection$1::next (10 bytes)
Event: 0.398 Thread 0x00000149c5fc3800 nmethod 691 0x00000149ab04ef90 code [0x00000149ab04f140, 0x00000149ab04f308]
Event: 0.398 Thread 0x00000149c5dd6800  692       3       sun.nio.cs.SingleByte$Encoder::encode (32 bytes)
Event: 0.398 Thread 0x00000149c5fc6800  693       3       java.lang.String::getChars (54 bytes)
Event: 0.398 Thread 0x00000149c5fc3800  694       3       java.lang.StringLatin1::getChars (12 bytes)
Event: 0.398 Thread 0x00000149c5dd6800 nmethod 692 0x00000149ab04f410 code [0x00000149ab04f5c0, 0x00000149ab04f778]
Event: 0.398 Thread 0x00000149c5fc3800 nmethod 694 0x00000149ab04f890 code [0x00000149ab04fa60, 0x00000149ab04fcb8]

GC Heap History (0 events):
No events

Deoptimization events (20 events):
Event: 0.235 Thread 0x00000149a206d800 DEOPT PACKING pc=0x00000149b23aca18 sp=0x0000002182dfad10
Event: 0.235 Thread 0x00000149a206d800 DEOPT UNPACKING pc=0x00000149aa83a1af sp=0x0000002182dfacb0 mode 2
Event: 0.235 Thread 0x00000149a206d800 DEOPT PACKING pc=0x00000149aaf9e36d sp=0x0000002182dfaaf0
Event: 0.235 Thread 0x00000149a206d800 DEOPT UNPACKING pc=0x00000149aa83a95e sp=0x0000002182df9f50 mode 0
Event: 0.257 Thread 0x00000149a206d800 DEOPT PACKING pc=0x00000149aaf82e50 sp=0x0000002182dfe150
Event: 0.257 Thread 0x00000149a206d800 DEOPT UNPACKING pc=0x00000149aa83a95e sp=0x0000002182dfd5d8 mode 0
Event: 0.257 Thread 0x00000149a206d800 DEOPT PACKING pc=0x00000149aaf82e50 sp=0x0000002182dfe190
Event: 0.257 Thread 0x00000149a206d800 DEOPT UNPACKING pc=0x00000149aa83a95e sp=0x0000002182dfd618 mode 0
Event: 0.260 Thread 0x00000149a206d800 DEOPT PACKING pc=0x00000149aaf82e50 sp=0x0000002182dfe190
Event: 0.260 Thread 0x00000149a206d800 DEOPT UNPACKING pc=0x00000149aa83a95e sp=0x0000002182dfd618 mode 0
Event: 0.267 Thread 0x00000149a206d800 Uncommon trap: trap_request=0xffffff4d fr.pc=0x00000149b239ee38 relative=0x0000000000000cb8
Event: 0.267 Thread 0x00000149a206d800 Uncommon trap: reason=unstable_if action=reinterpret pc=0x00000149b239ee38 method=java.util.HashMap.putVal(ILjava/lang/Object;Ljava/lang/Object;ZZ)Ljava/lang/Object; @ 181 c2
Event: 0.267 Thread 0x00000149a206d800 DEOPT PACKING pc=0x00000149b239ee38 sp=0x0000002182dfdfe0
Event: 0.267 Thread 0x00000149a206d800 DEOPT UNPACKING pc=0x00000149aa83a1af sp=0x0000002182dfdf70 mode 2
Event: 0.348 Thread 0x00000149a206d800 DEOPT PACKING pc=0x00000149aaf7e124 sp=0x0000002182dfcf80
Event: 0.348 Thread 0x00000149a206d800 DEOPT UNPACKING pc=0x00000149aa83a95e sp=0x0000002182dfc418 mode 0
Event: 0.396 Thread 0x00000149a206d800 Uncommon trap: trap_request=0xffffff4d fr.pc=0x00000149b239de14 relative=0x0000000000000074
Event: 0.396 Thread 0x00000149a206d800 Uncommon trap: reason=unstable_if action=reinterpret pc=0x00000149b239de14 method=java.lang.String.isLatin1()Z @ 10 c2
Event: 0.396 Thread 0x00000149a206d800 DEOPT PACKING pc=0x00000149b239de14 sp=0x0000002182dfdc70
Event: 0.396 Thread 0x00000149a206d800 DEOPT UNPACKING pc=0x00000149aa83a1af sp=0x0000002182dfdbb0 mode 2

Classes redefined (0 events):
No events

Internal exceptions (1 events):
Event: 0.397 Thread 0x00000149a206d800 Exception <a 'java/lang/reflect/InvocationTargetException'{0x000000072f48fee0}> (0x000000072f48fee0) thrown at [s\src\hotspot\share\runtime\reflection.cpp, line 1245]

Events (20 events):
Event: 0.396 loading class java/util/Formatter$FixedString
Event: 0.396 loading class java/util/Formatter$FormatString
Event: 0.396 loading class java/util/Formatter$FormatString done
Event: 0.396 loading class java/util/Formatter$FixedString done
Event: 0.396 loading class java/util/Formatter$FormatSpecifier
Event: 0.396 loading class java/util/Formatter$FormatSpecifier done
Event: 0.396 loading class java/util/Formatter$Flags
Event: 0.396 loading class java/util/Formatter$Flags done
Event: 0.397 loading class java/util/Formatter$Conversion
Event: 0.397 loading class java/util/Formatter$Conversion done
Event: 0.397 loading class java/util/Formattable
Event: 0.397 loading class java/util/Formattable done
Event: 0.397 loading class java/lang/reflect/InvocationTargetException
Event: 0.397 loading class java/lang/reflect/InvocationTargetException done
Event: 0.397 loading class java/lang/Throwable$WrappedPrintStream
Event: 0.397 loading class java/lang/Throwable$PrintStreamOrWriter
Event: 0.397 loading class java/lang/Throwable$PrintStreamOrWriter done
Event: 0.397 loading class java/lang/Throwable$WrappedPrintStream done
Event: 0.397 loading class java/lang/StackTraceElement$HashedModules
Event: 0.397 loading class java/lang/StackTraceElement$HashedModules done


Dynamic libraries:
0x00007ff730390000 - 0x00007ff73039d000 	C:\Users\Lenovo\.jdks\corretto-11.0.20.1\bin\java.exe
0x00007fff56d60000 - 0x00007fff56f69000 	C:\WINDOWS\SYSTEM32\ntdll.dll
0x00007fff55e50000 - 0x00007fff55f0d000 	C:\WINDOWS\System32\KERNEL32.DLL
0x00007fff54540000 - 0x00007fff548c4000 	C:\WINDOWS\System32\KERNELBASE.dll
0x00007fff54420000 - 0x00007fff54531000 	C:\WINDOWS\System32\ucrtbase.dll
0x00007fff2add0000 - 0x00007fff2ade7000 	C:\Users\Lenovo\.jdks\corretto-11.0.20.1\bin\jli.dll
0x00007fff2ab80000 - 0x00007fff2ab99000 	C:\Users\Lenovo\.jdks\corretto-11.0.20.1\bin\VCRUNTIME140.dll
0x00007fff550a0000 - 0x00007fff5524d000 	C:\WINDOWS\System32\USER32.dll
0x00007fff548d0000 - 0x00007fff548f6000 	C:\WINDOWS\System32\win32u.dll
0x00007fff43d90000 - 0x00007fff44035000 	C:\WINDOWS\WinSxS\amd64_microsoft.windows.common-controls_6595b64144ccf1df_6.0.22000.120_none_9d947278b86cc467\COMCTL32.dll
0x00007fff55950000 - 0x00007fff5597a000 	C:\WINDOWS\System32\GDI32.dll
0x00007fff55650000 - 0x00007fff556f3000 	C:\WINDOWS\System32\msvcrt.dll
0x00007fff54980000 - 0x00007fff54a9e000 	C:\WINDOWS\System32\gdi32full.dll
0x00007fff54b10000 - 0x00007fff54bad000 	C:\WINDOWS\System32\msvcp_win.dll
0x00007fff55910000 - 0x00007fff55941000 	C:\WINDOWS\System32\IMM32.DLL
0x00007fff09530000 - 0x00007fff095cb000 	C:\Users\Lenovo\.jdks\corretto-11.0.20.1\bin\msvcp140.dll
0x00007ffec48f0000 - 0x00007ffec547b000 	C:\Users\Lenovo\.jdks\corretto-11.0.20.1\bin\server\jvm.dll
0x00007fff55f10000 - 0x00007fff55fbe000 	C:\WINDOWS\System32\ADVAPI32.dll
0x00007fff55bb0000 - 0x00007fff55c4e000 	C:\WINDOWS\System32\sechost.dll
0x00007fff55a80000 - 0x00007fff55ba1000 	C:\WINDOWS\System32\RPCRT4.dll
0x00007fff55980000 - 0x00007fff55988000 	C:\WINDOWS\System32\PSAPI.DLL
0x00007fff3bb80000 - 0x00007fff3bb89000 	C:\WINDOWS\SYSTEM32\WSOCK32.dll
0x00007fff558a0000 - 0x00007fff5590f000 	C:\WINDOWS\System32\WS2_32.dll
0x00007fff4e960000 - 0x00007fff4e993000 	C:\WINDOWS\SYSTEM32\WINMM.dll
0x00007fff4dc30000 - 0x00007fff4dc3a000 	C:\WINDOWS\SYSTEM32\VERSION.dll
0x00007fff53220000 - 0x00007fff53238000 	C:\WINDOWS\SYSTEM32\kernel.appcore.dll
0x00007fff36fd0000 - 0x00007fff36fe0000 	C:\Users\Lenovo\.jdks\corretto-11.0.20.1\bin\verify.dll
0x00007fff51d40000 - 0x00007fff51f61000 	C:\WINDOWS\SYSTEM32\DBGHELP.DLL
0x00007fff3b880000 - 0x00007fff3b8b1000 	C:\WINDOWS\SYSTEM32\dbgcore.DLL
0x00007fff54900000 - 0x00007fff5497f000 	C:\WINDOWS\System32\bcryptPrimitives.dll
0x00007fff29a10000 - 0x00007fff29a38000 	C:\Users\Lenovo\.jdks\corretto-11.0.20.1\bin\java.dll
0x00007fff30c90000 - 0x00007fff30c9a000 	C:\Users\Lenovo\.jdks\corretto-11.0.20.1\bin\jimage.dll
0x00007fff2f610000 - 0x00007fff2f61e000 	C:\Users\Lenovo\.jdks\corretto-11.0.20.1\bin\instrument.dll
0x00007fff2a000000 - 0x00007fff2a018000 	C:\Users\Lenovo\.jdks\corretto-11.0.20.1\bin\zip.dll
0x00007fff56070000 - 0x00007fff56835000 	C:\WINDOWS\System32\SHELL32.dll
0x00007fff52280000 - 0x00007fff52ae2000 	C:\WINDOWS\SYSTEM32\windows.storage.dll
0x00007fff55250000 - 0x00007fff555c6000 	C:\WINDOWS\System32\combase.dll
0x00007fff52110000 - 0x00007fff52277000 	C:\WINDOWS\SYSTEM32\wintypes.dll
0x00007fff55990000 - 0x00007fff55a7a000 	C:\WINDOWS\System32\SHCORE.dll
0x00007fff56c10000 - 0x00007fff56c6d000 	C:\WINDOWS\System32\shlwapi.dll
0x00007fff54120000 - 0x00007fff54145000 	C:\WINDOWS\SYSTEM32\profapi.dll
0x00007fff299b0000 - 0x00007fff299c9000 	C:\Users\Lenovo\.jdks\corretto-11.0.20.1\bin\net.dll
0x00007fff4e780000 - 0x00007fff4e894000 	C:\WINDOWS\SYSTEM32\WINHTTP.dll
0x00007fff536c0000 - 0x00007fff53727000 	C:\WINDOWS\system32\mswsock.dll
0x00007fff29760000 - 0x00007fff29773000 	C:\Users\Lenovo\.jdks\corretto-11.0.20.1\bin\nio.dll
0x00007fff1e6a0000 - 0x00007fff1e6b7000 	C:\WINDOWS\system32\napinsp.dll
0x00007fff1bb10000 - 0x00007fff1bb2b000 	C:\WINDOWS\system32\pnrpnsp.dll
0x00007fff52d70000 - 0x00007fff52e57000 	C:\WINDOWS\SYSTEM32\DNSAPI.dll
0x00007fff52d40000 - 0x00007fff52d6d000 	C:\WINDOWS\SYSTEM32\IPHLPAPI.DLL
0x00007fff55640000 - 0x00007fff55649000 	C:\WINDOWS\System32\NSI.dll
0x00007fff1baf0000 - 0x00007fff1bb02000 	C:\WINDOWS\System32\winrnr.dll
0x00007fff1e510000 - 0x00007fff1e525000 	C:\WINDOWS\system32\wshbth.dll
0x00007fff1bad0000 - 0x00007fff1baef000 	C:\WINDOWS\system32\nlansp_c.dll
0x0000000058560000 - 0x0000000058586000 	C:\Program Files\Bonjour\mdnsNSP.dll
0x00007fff4b8f0000 - 0x00007fff4b8fa000 	C:\Windows\System32\rasadhlp.dll
0x00007fff4c060000 - 0x00007fff4c0e1000 	C:\WINDOWS\System32\fwpuclnt.dll

dbghelp: loaded successfully - version: 4.0.5 - missing functions: none
symbol engine: initialized successfully - sym options: 0x614 - pdb path: .;C:\Users\Lenovo\.jdks\corretto-11.0.20.1\bin;C:\WINDOWS\SYSTEM32;C:\WINDOWS\WinSxS\amd64_microsoft.windows.common-controls_6595b64144ccf1df_6.0.22000.120_none_9d947278b86cc467;C:\Users\Lenovo\.jdks\corretto-11.0.20.1\bin\server;C:\Program Files\Bonjour

VM Arguments:
jvm_args: -javaagent:C:\\Users\\Lenovo\\.m2\\repository\\org\\jacoco\\org.jacoco.agent\\0.7.7.201606060606\\org.jacoco.agent-0.7.7.201606060606-runtime.jar=destfile=C:\\Users\\Lenovo\\Desktop\\DevOpsProject\\Spring-Devops\\target\\jacoco.exec 
java_command: C:\Users\Lenovo\AppData\Local\Temp\surefire2116702883295240939\surefirebooter2662966696538200796.jar C:\Users\Lenovo\AppData\Local\Temp\surefire2116702883295240939 2023-10-27T00-38-11_019-jvmRun1 surefire1606262940502568239tmp surefire_017545545473899306770tmp
java_class_path (initial): C:\Users\Lenovo\AppData\Local\Temp\surefire2116702883295240939\surefirebooter2662966696538200796.jar
Launcher Type: SUN_STANDARD

[Global flags]
     intx CICompilerCount                          = 12                                        {product} {ergonomic}
     uint ConcGCThreads                            = 3                                         {product} {ergonomic}
     uint G1ConcRefinementThreads                  = 13                                        {product} {ergonomic}
   size_t G1HeapRegionSize                         = 1048576                                   {product} {ergonomic}
    uintx GCDrainStackTargetSize                   = 64                                        {product} {ergonomic}
   size_t InitialHeapSize                          = 232783872                                 {product} {ergonomic}
   size_t MarkStackSize                            = 4194304                                   {product} {ergonomic}
   size_t MaxHeapSize                              = 3720347648                                {product} {ergonomic}
   size_t MaxNewSize                               = 2231369728                                {product} {ergonomic}
   size_t MinHeapDeltaBytes                        = 1048576                                   {product} {ergonomic}
    uintx NonNMethodCodeHeapSize                   = 7594288                                {pd product} {ergonomic}
    uintx NonProfiledCodeHeapSize                  = 122031976                              {pd product} {ergonomic}
    uintx ProfiledCodeHeapSize                     = 122031976                              {pd product} {ergonomic}
    uintx ReservedCodeCacheSize                    = 251658240                              {pd product} {ergonomic}
     bool SegmentedCodeCache                       = true                                      {product} {ergonomic}
     bool UseCompressedClassPointers               = true                                 {lp64_product} {ergonomic}
     bool UseCompressedOops                        = true                                 {lp64_product} {ergonomic}
     bool UseG1GC                                  = true                                      {product} {ergonomic}
     bool UseLargePagesIndividualAllocation        = false                                  {pd product} {ergonomic}

Logging:
Log output configuration:
 #0: stdout all=warning uptime,level,tags
 #1: stderr all=off uptime,level,tags

Environment Variables:
JAVA_HOME=C:\Program Files\Java\jdk1.8.0_60
PATH=C:\Program Files (x86)\Microsoft SDKs\Azure\CLI2\wbin;C:\Program Files (x86)\VMware\VMware Workstation\bin\;C:\ProgramData\Oracle\Java\javapath;C:\WINDOWS\system32;C:\WINDOWS;C:\WINDOWS\System32\Wbem;C:\WINDOWS\System32\WindowsPowerShell\v1.0\;C:\WINDOWS\System32\OpenSSH\;C:\Program Files\nodejs\;C:\xampp\php;C:\Program Files\Git\cmd;C:\Program Files\NVIDIA Corporation\NVIDIA NvDLISR;C:\Program Files\dotnet\;C:\Program Files (x86)\NVIDIA Corporation\PhysX\Common;C:\Program Files\Microsoft SQL Server\Client SDK\ODBC\170\Tools\Binn\;C:\Program Files (x86)\Microsoft SQL Server\160\Tools\Binn\;C:\Program Files\Microsoft SQL Server\160\Tools\Binn\;C:\Program Files\Microsoft SQL Server\160\DTS\Binn\;C:\ProgramData\chocolatey\bin;C:\HashiCorp\Vagrant\bin;C:\Users\Lenovo\AppData\Local\Microsoft\WindowsApps;C:\Users\Lenovo\AppData\Roaming\npm;C:\Users\Lenovo\AppData\Local\Programs\Microsoft VS Code\bin;C:\Program Files\JetBrains\IntelliJ IDEA 2022.3.2\bin;;C:\Users\Lenovo\.dotnet\tools;C:\app\terraform_1.4.0_windows_amd64;C:\Users\Lenovo\AppData\Local\GitHubDesktop\bin;skaffold.exe;
USERNAME=Lenovo
OS=Windows_NT
PROCESSOR_IDENTIFIER=AMD64 Family 25 Model 80 Stepping 0, AuthenticAMD
TMP=C:\Users\Lenovo\AppData\Local\Temp
TEMP=C:\Users\Lenovo\AppData\Local\Temp



---------------  S Y S T E M  ---------------

OS: Windows 11 , 64 bit Build 22000 (10.0.22000.2538)
OS uptime: 0 days 12:40 hours
Hyper-V role detected

CPU:total 16 (initial active 16) (16 cores per cpu, 2 threads per core) family 25 model 80 stepping 0 microcode 0x0, cmov, cx8, fxsr, mmx, sse, sse2, sse3, ssse3, sse4.1, sse4.2, popcnt, avx, avx2, aes, clmul, erms, mmxext, 3dnowpref, lzcnt, sse4a, ht, tsc, tscinvbit, tscinv, bmi1, bmi2, adx, sha, fma

Memory: 4k page, system-wide physical 14188M (1959M free)
TotalPageFile size 25462M (AvailPageFile size 2626M)
current process WorkingSet (physical memory assigned to process): 67M, peak: 67M
current process commit charge ("private bytes"): 328M, peak: 328M

vm_info: OpenJDK 64-Bit Server VM (11.0.20.1+9-LTS) for windows-amd64 JRE (11.0.20.1+9-LTS), built on Aug 19 2023 03:46:24 by "Administrator" with MS VC++ 15.9 (VS2017)

END.
