#
# A fatal error has been detected by the Java Runtime Environment:
#
#  EXCEPTION_ACCESS_VIOLATION (0xc0000005) at pc=0x00000224086c112d, pid=32724, tid=23324
#
# JRE version: OpenJDK Runtime Environment Corretto-11.0.20.9.1 (11.0.20.1+9) (build 11.0.20.1+9-LTS)
# Java VM: OpenJDK 64-Bit Server VM Corretto-11.0.20.9.1 (11.0.20.1+9-LTS, mixed mode, tiered, compressed oops, g1 gc, windows-amd64)
# Problematic frame:
# v  ~StubRoutines::get_previous_fp
#
# No core dump will be written. Minidumps are not enabled by default on client versions of Windows
#
# If you would like to submit a bug report, please visit:
#   https://github.com/corretto/corretto-11/issues/
#

---------------  S U M M A R Y ------------

Command Line: -javaagent:C:\\Users\\Lenovo\\.m2\\repository\\org\\jacoco\\org.jacoco.agent\\0.7.7.201606060606\\org.jacoco.agent-0.7.7.201606060606-runtime.jar=destfile=C:\\Users\\Lenovo\\Downloads\\DevOps_Project-20231016T100739Z-001\\DevOps_Project\\target\\jacoco.exec C:\Users\Lenovo\AppData\Local\Temp\surefire16984977275079021408\surefirebooter10047045321793257582.jar C:\Users\Lenovo\AppData\Local\Temp\surefire16984977275079021408 2023-10-17T10-40-11_570-jvmRun1 surefire12680515455228191847tmp surefire_03126737511188576197tmp

Host: AMD Ryzen 7 5800H with Radeon Graphics         , 16 cores, 13G,  Windows 11 , 64 bit Build 22000 (10.0.22000.2360)
Time: Tue Oct 17 10:40:12 2023 Afr. centrale Ouest elapsed time: 0.327927 seconds (0d 0h 0m 0s)

---------------  T H R E A D  ---------------

Current thread (0x000002247c043800):  JavaThread "main" [_thread_in_vm, id=23324, stack(0x000000bc4fc00000,0x000000bc4fd00000)]

Stack: [0x000000bc4fc00000,0x000000bc4fd00000],  sp=0x000000bc4fcff250,  free space=1020k
Native frames: (J=compiled Java code, j=interpreted, Vv=VM code, C=native code)
C  0x00000224086c112d


siginfo: EXCEPTION_ACCESS_VIOLATION (0xc0000005), reading address 0x00000000000003d8


Register to memory mapping:

RIP=0x00000224086c112d is at begin+8 in a stub
StubRoutines::get_previous_fp [0x00000224086c1125, 0x00000224086c1132[ (13 bytes)
RAX=0x00000000000003d8 is an unknown value
RBX=0x000000bc4fcff2f0 is pointing into the stack for thread: 0x000002247c043800
RCX=0x000000bc4fcff2f0 is pointing into the stack for thread: 0x000002247c043800
RDX=0x0 is NULL
RSP=0x000000bc4fcff250 is pointing into the stack for thread: 0x000002247c043800
RBP=0x000000bc4fcff250 is pointing into the stack for thread: 0x000002247c043800
RSI=0x0 is NULL
RDI=0x000002247c043800 is a thread
R8 =0x000000bc4fcff1c8 is pointing into the stack for thread: 0x000002247c043800
R9 =0x0 is NULL
R10=0x0 is NULL
R11=0x000000bc4fcff280 is pointing into the stack for thread: 0x000002247c043800
R12=0x000002247c0445c8 points into unknown readable memory: 0x08031673817cea30 | 30 ea 7c 81 73 16 03 08
R13=0x0000000000000008 is an unknown value
R14=0x00000224245ec060 points into unknown readable memory: 0x0000022424461740 | 40 17 46 24 24 02 00 00
R15=0x000002247c0441f0 points into unknown readable memory: 0x6e616c2e6176616a | 6a 61 76 61 2e 6c 61 6e


Registers:
RAX=0x00000000000003d8, RBX=0x000000bc4fcff2f0, RCX=0x000000bc4fcff2f0, RDX=0x0000000000000000
RSP=0x000000bc4fcff250, RBP=0x000000bc4fcff250, RSI=0x0000000000000000, RDI=0x000002247c043800
R8 =0x000000bc4fcff1c8, R9 =0x0000000000000000, R10=0x0000000000000000, R11=0x000000bc4fcff280
R12=0x000002247c0445c8, R13=0x0000000000000008, R14=0x00000224245ec060, R15=0x000002247c0441f0
RIP=0x00000224086c112d, EFLAGS=0x0000000000010202

Top of Stack: (sp=0x000000bc4fcff250)
0x000000bc4fcff250:   00000000000003d8 00007ffe9f713d36
0x000000bc4fcff260:   00007ffee601f550 00007ffee601f550
0x000000bc4fcff270:   000000bc4fcff310 000000bc4fcff2a0
0x000000bc4fcff280:   0000000000007fd8 00007ffe9f1b2c0c
0x000000bc4fcff290:   000000bc4fcff300 0000022479ea65a0
0x000000bc4fcff2a0:   00000000000007d0 000002247c0441e0
0x000000bc4fcff2b0:   000002247c043800 00007ffe9f862e51
0x000000bc4fcff2c0:   0000022479ea65a0 000002247c0441e0
0x000000bc4fcff2d0:   000002247c0441e0 0000022479eb2400
0x000000bc4fcff2e0:   0000022479e9f2b8 00007ffee1dc148c
0x000000bc4fcff2f0:   0000000000000004 00007ffee1dc82c0
0x000000bc4fcff300:   000000bc4fcff350 00007ffee601f550
0x000000bc4fcff310:   00007ffee601f550 0000022479ea4520
0x000000bc4fcff320:   00009b485c2f7e26 00007ffee1dc7ad0
0x000000bc4fcff330:   000002247c043800 00007ffe9f716360
0x000000bc4fcff340:   000002247c043b48 00007ffee1dc82c0 

Instructions: (pc=0x00000224086c112d)
0x00000224086c102d:   84 83 00 00 00 83 fa 07 0f 84 80 00 00 00 89 01
0x00000224086c103d:   48 8d a5 28 fe ff ff c5 fa 6f 75 b8 c5 fa 6f 7d
0x00000224086c104d:   a8 c5 7a 6f 45 98 c5 7a 6f 4d 88 c5 7a 6f 95 78
0x00000224086c105d:   ff ff ff c5 7a 6f 9d 68 ff ff ff c5 7a 6f a5 58
0x00000224086c106d:   ff ff ff c5 7a 6f ad 48 ff ff ff c5 7a 6f b5 38
0x00000224086c107d:   ff ff ff c5 7a 6f bd 28 ff ff ff 4c 8b 7d c8 4c
0x00000224086c108d:   8b 75 d0 4c 8b 6d d8 4c 8b 65 e0 48 8b 5d f8 48
0x00000224086c109d:   8b 7d e8 48 8b 75 f0 48 81 c4 d8 01 00 00 c5 f8
0x00000224086c10ad:   77 5d c3 48 89 01 eb 88 c5 fa 11 01 eb 82 c5 fb
0x00000224086c10bd:   11 01 e9 79 ff ff ff 49 89 47 08 49 ba b0 e4 a0
0x00000224086c10cd:   9f fe 7f 00 00 4d 89 57 10 41 c7 47 18 da 01 00
0x00000224086c10dd:   00 e9 2d ff ff ff 8b c1 87 02 c3 48 8b c1 48 87
0x00000224086c10ed:   02 c3 41 8b c0 f0 0f b1 0a c3 49 0f be c0 f0 0f
0x00000224086c10fd:   b0 0a c3 49 8b c0 f0 48 0f b1 0a c3 8b c1 f0 0f
0x00000224086c110d:   c1 0a 03 c1 c3 48 8b c1 f0 48 0f c1 0a 48 03 c1
0x00000224086c111d:   c3 f0 83 44 24 c0 00 c3 55 48 8b ec 48 8b 45 00
0x00000224086c112d:   48 8b 00 5d c3 48 8b c4 48 83 c0 08 c3 c3 0f 1f
0x00000224086c113d:   44 00 00 55 48 8b ec 49 b9 b0 61 b5 9f fe 7f 00
0x00000224086c114d:   00 f7 d1 41 83 f8 10 0f 8c 38 02 00 00 44 8b da
0x00000224086c115d:   41 83 e3 0f 74 23 41 83 eb 10 45 03 c3 66 90 0f
0x00000224086c116d:   be 02 33 c1 81 e0 ff 00 00 00 c1 e9 08 41 33 0c
0x00000224086c117d:   81 48 ff c2 41 ff c3 7c e6 45 8b d8 41 c1 e8 04
0x00000224086c118d:   0f 84 fc 01 00 00 c5 f9 6f 0a c5 f9 7e c8 33 c8
0x00000224086c119d:   c4 e3 71 22 c9 00 48 83 c2 10 41 83 e8 04 0f 8c
0x00000224086c11ad:   d7 00 00 00 c5 f9 6f 12 c5 f9 6f 5a 10 c5 f9 6f
0x00000224086c11bd:   62 20 48 83 c2 30 41 83 e8 03 0f 8e 70 00 00 00
0x00000224086c11cd:   49 ba a0 61 b5 9f fe 7f 00 00 c4 c1 7a 6f 02 0f
0x00000224086c11dd:   1f 40 00 c4 e3 79 44 e9 11 c4 e3 79 44 c9 00 c5
0x00000224086c11ed:   f1 ef 0a c5 f1 ef cd c4 e3 79 44 ea 11 c4 e3 79
0x00000224086c11fd:   44 d2 00 c5 e9 ef 52 10 c5 e9 ef d5 c4 e3 79 44
0x00000224086c120d:   eb 11 c4 e3 79 44 db 00 c5 e1 ef 5a 20 c5 e1 ef
0x00000224086c121d:   dd c4 e3 79 44 ec 11 c4 e3 79 44 e4 00 c5 d9 ef 


Stack slot to memory mapping:
stack at sp + 0 slots: 0x00000000000003d8 is an unknown value
stack at sp + 1 slots: 0x00007ffe9f713d36 jvm.dll
stack at sp + 2 slots: 0x00007ffee601f550 ucrtbase.dll
stack at sp + 3 slots: 0x00007ffee601f550 ucrtbase.dll
stack at sp + 4 slots: 0x000000bc4fcff310 is pointing into the stack for thread: 0x000002247c043800
stack at sp + 5 slots: 0x000000bc4fcff2a0 is pointing into the stack for thread: 0x000002247c043800
stack at sp + 6 slots: 0x0000000000007fd8 is an unknown value
stack at sp + 7 slots: 0x00007ffe9f1b2c0c jvm.dll

StubRoutines::get_previous_fp [0x00000224086c1125, 0x00000224086c1132[ (13 bytes)
---------------  P R O C E S S  ---------------

Threads class SMR info:
_java_thread_list=0x00000224245b45f0, length=14, elements={
0x000002247c043800, 0x00000224243d0800, 0x00000224243d9800, 0x0000022424440800,
0x0000022424441800, 0x0000022424443000, 0x0000022424446000, 0x00000224243f7000,
0x0000022424448000, 0x000002242453f800, 0x00000224245b9000, 0x00000224245ba000,
0x00000224245e8800, 0x00000224245eb800
}

Java Threads: ( => current thread )
=>0x000002247c043800 JavaThread "main" [_thread_in_vm, id=23324, stack(0x000000bc4fc00000,0x000000bc4fd00000)]
  0x00000224243d0800 JavaThread "Reference Handler" daemon [_thread_blocked, id=26816, stack(0x000000bc50300000,0x000000bc50400000)]
  0x00000224243d9800 JavaThread "Finalizer" daemon [_thread_blocked, id=17004, stack(0x000000bc50400000,0x000000bc50500000)]
  0x0000022424440800 JavaThread "Signal Dispatcher" daemon [_thread_blocked, id=15300, stack(0x000000bc50500000,0x000000bc50600000)]
  0x0000022424441800 JavaThread "Attach Listener" daemon [_thread_blocked, id=26872, stack(0x000000bc50600000,0x000000bc50700000)]
  0x0000022424443000 JavaThread "Service Thread" daemon [_thread_blocked, id=31860, stack(0x000000bc50700000,0x000000bc50800000)]
  0x0000022424446000 JavaThread "C2 CompilerThread0" daemon [_thread_blocked, id=21780, stack(0x000000bc50800000,0x000000bc50900000)]
  0x00000224243f7000 JavaThread "C1 CompilerThread0" daemon [_thread_blocked, id=34264, stack(0x000000bc50900000,0x000000bc50a00000)]
  0x0000022424448000 JavaThread "Sweeper thread" daemon [_thread_blocked, id=11884, stack(0x000000bc50a00000,0x000000bc50b00000)]
  0x000002242453f800 JavaThread "Common-Cleaner" daemon [_thread_blocked, id=26376, stack(0x000000bc50b00000,0x000000bc50c00000)]
  0x00000224245b9000 JavaThread "C1 CompilerThread1" daemon [_thread_blocked, id=18544, stack(0x000000bc50c00000,0x000000bc50d00000)]
  0x00000224245ba000 JavaThread "C1 CompilerThread2" daemon [_thread_blocked, id=18004, stack(0x000000bc50d00000,0x000000bc50e00000)]
  0x00000224245e8800 JavaThread "C2 CompilerThread1" daemon [_thread_blocked, id=25384, stack(0x000000bc50e00000,0x000000bc50f00000)]
  0x00000224245eb800 JavaThread "C2 CompilerThread2" daemon [_thread_blocked, id=22376, stack(0x000000bc50f00000,0x000000bc51000000)]

Other Threads:
  0x00000224243ae800 VMThread "VM Thread" [stack: 0x000000bc50200000,0x000000bc50300000] [id=8008]
  0x000002247c05c000 GCTaskThread "GC Thread#0" [stack: 0x000000bc4fd00000,0x000000bc4fe00000] [id=32740]
  0x000002247c0ab800 ConcurrentGCThread "G1 Main Marker" [stack: 0x000000bc4fe00000,0x000000bc4ff00000] [id=26888]
  0x000002247c0ad000 ConcurrentGCThread "G1 Conc#0" [stack: 0x000000bc4ff00000,0x000000bc50000000] [id=27544]
  0x0000022423a14800 ConcurrentGCThread "G1 Refine#0" [stack: 0x000000bc50000000,0x000000bc50100000] [id=25512]
  0x0000022423a15800 ConcurrentGCThread "G1 Young RemSet Sampling" [stack: 0x000000bc50100000,0x000000bc50200000] [id=32124]

Threads with active compile tasks:

VM state:not at safepoint (normal execution)

VM Mutex/Monitor currently owned by a thread: None

Heap address: 0x0000000722400000, size: 3548 MB, Compressed Oops mode: Zero based, Oop shift amount: 3
Narrow klass base: 0x0000000800000000, Narrow klass shift: 0
Compressed class space size: 1073741824 Address: 0x0000000800000000

Heap:
 garbage-first heap   total 227328K, used 14336K [0x0000000722400000, 0x0000000800000000)
  region size 1024K, 14 young (14336K), 0 survivors (0K)
 Metaspace       used 10188K, capacity 10369K, committed 10496K, reserved 1058816K
  class space    used 893K, capacity 940K, committed 1024K, reserved 1048576K
Heap Regions: E=young(eden), S=young(survivor), O=old, HS=humongous(starts), HC=humongous(continues), CS=collection set, F=free, A=archive, TAMS=top-at-mark-start (previous, next)
|   0|0x0000000722400000, 0x0000000722500000, 0x0000000722500000|100%|HS|  |TAMS 0x0000000722400000, 0x0000000722400000| Complete 
|   1|0x0000000722500000, 0x0000000722600000, 0x0000000722600000|100%|HS|  |TAMS 0x0000000722500000, 0x0000000722500000| Complete 
|   2|0x0000000722600000, 0x0000000722600000, 0x0000000722700000|  0%| F|  |TAMS 0x0000000722600000, 0x0000000722600000| Untracked 
|   3|0x0000000722700000, 0x0000000722700000, 0x0000000722800000|  0%| F|  |TAMS 0x0000000722700000, 0x0000000722700000| Untracked 
|   4|0x0000000722800000, 0x0000000722800000, 0x0000000722900000|  0%| F|  |TAMS 0x0000000722800000, 0x0000000722800000| Untracked 
|   5|0x0000000722900000, 0x0000000722900000, 0x0000000722a00000|  0%| F|  |TAMS 0x0000000722900000, 0x0000000722900000| Untracked 
|   6|0x0000000722a00000, 0x0000000722a00000, 0x0000000722b00000|  0%| F|  |TAMS 0x0000000722a00000, 0x0000000722a00000| Untracked 
|   7|0x0000000722b00000, 0x0000000722b00000, 0x0000000722c00000|  0%| F|  |TAMS 0x0000000722b00000, 0x0000000722b00000| Untracked 
|   8|0x0000000722c00000, 0x0000000722c00000, 0x0000000722d00000|  0%| F|  |TAMS 0x0000000722c00000, 0x0000000722c00000| Untracked 
|   9|0x0000000722d00000, 0x0000000722d00000, 0x0000000722e00000|  0%| F|  |TAMS 0x0000000722d00000, 0x0000000722d00000| Untracked 
|  10|0x0000000722e00000, 0x0000000722e00000, 0x0000000722f00000|  0%| F|  |TAMS 0x0000000722e00000, 0x0000000722e00000| Untracked 
|  11|0x0000000722f00000, 0x0000000722f00000, 0x0000000723000000|  0%| F|  |TAMS 0x0000000722f00000, 0x0000000722f00000| Untracked 
|  12|0x0000000723000000, 0x0000000723000000, 0x0000000723100000|  0%| F|  |TAMS 0x0000000723000000, 0x0000000723000000| Untracked 
|  13|0x0000000723100000, 0x0000000723100000, 0x0000000723200000|  0%| F|  |TAMS 0x0000000723100000, 0x0000000723100000| Untracked 
|  14|0x0000000723200000, 0x0000000723200000, 0x0000000723300000|  0%| F|  |TAMS 0x0000000723200000, 0x0000000723200000| Untracked 
|  15|0x0000000723300000, 0x0000000723300000, 0x0000000723400000|  0%| F|  |TAMS 0x0000000723300000, 0x0000000723300000| Untracked 
|  16|0x0000000723400000, 0x0000000723400000, 0x0000000723500000|  0%| F|  |TAMS 0x0000000723400000, 0x0000000723400000| Untracked 
|  17|0x0000000723500000, 0x0000000723500000, 0x0000000723600000|  0%| F|  |TAMS 0x0000000723500000, 0x0000000723500000| Untracked 
|  18|0x0000000723600000, 0x0000000723600000, 0x0000000723700000|  0%| F|  |TAMS 0x0000000723600000, 0x0000000723600000| Untracked 
|  19|0x0000000723700000, 0x0000000723700000, 0x0000000723800000|  0%| F|  |TAMS 0x0000000723700000, 0x0000000723700000| Untracked 
|  20|0x0000000723800000, 0x0000000723800000, 0x0000000723900000|  0%| F|  |TAMS 0x0000000723800000, 0x0000000723800000| Untracked 
|  21|0x0000000723900000, 0x0000000723900000, 0x0000000723a00000|  0%| F|  |TAMS 0x0000000723900000, 0x0000000723900000| Untracked 
|  22|0x0000000723a00000, 0x0000000723a00000, 0x0000000723b00000|  0%| F|  |TAMS 0x0000000723a00000, 0x0000000723a00000| Untracked 
|  23|0x0000000723b00000, 0x0000000723b00000, 0x0000000723c00000|  0%| F|  |TAMS 0x0000000723b00000, 0x0000000723b00000| Untracked 
|  24|0x0000000723c00000, 0x0000000723c00000, 0x0000000723d00000|  0%| F|  |TAMS 0x0000000723c00000, 0x0000000723c00000| Untracked 
|  25|0x0000000723d00000, 0x0000000723d00000, 0x0000000723e00000|  0%| F|  |TAMS 0x0000000723d00000, 0x0000000723d00000| Untracked 
|  26|0x0000000723e00000, 0x0000000723e00000, 0x0000000723f00000|  0%| F|  |TAMS 0x0000000723e00000, 0x0000000723e00000| Untracked 
|  27|0x0000000723f00000, 0x0000000723f00000, 0x0000000724000000|  0%| F|  |TAMS 0x0000000723f00000, 0x0000000723f00000| Untracked 
|  28|0x0000000724000000, 0x0000000724000000, 0x0000000724100000|  0%| F|  |TAMS 0x0000000724000000, 0x0000000724000000| Untracked 
|  29|0x0000000724100000, 0x0000000724100000, 0x0000000724200000|  0%| F|  |TAMS 0x0000000724100000, 0x0000000724100000| Untracked 
|  30|0x0000000724200000, 0x0000000724200000, 0x0000000724300000|  0%| F|  |TAMS 0x0000000724200000, 0x0000000724200000| Untracked 
|  31|0x0000000724300000, 0x0000000724300000, 0x0000000724400000|  0%| F|  |TAMS 0x0000000724300000, 0x0000000724300000| Untracked 
|  32|0x0000000724400000, 0x0000000724400000, 0x0000000724500000|  0%| F|  |TAMS 0x0000000724400000, 0x0000000724400000| Untracked 
|  33|0x0000000724500000, 0x0000000724500000, 0x0000000724600000|  0%| F|  |TAMS 0x0000000724500000, 0x0000000724500000| Untracked 
|  34|0x0000000724600000, 0x0000000724600000, 0x0000000724700000|  0%| F|  |TAMS 0x0000000724600000, 0x0000000724600000| Untracked 
|  35|0x0000000724700000, 0x0000000724700000, 0x0000000724800000|  0%| F|  |TAMS 0x0000000724700000, 0x0000000724700000| Untracked 
|  36|0x0000000724800000, 0x0000000724800000, 0x0000000724900000|  0%| F|  |TAMS 0x0000000724800000, 0x0000000724800000| Untracked 
|  37|0x0000000724900000, 0x0000000724900000, 0x0000000724a00000|  0%| F|  |TAMS 0x0000000724900000, 0x0000000724900000| Untracked 
|  38|0x0000000724a00000, 0x0000000724a00000, 0x0000000724b00000|  0%| F|  |TAMS 0x0000000724a00000, 0x0000000724a00000| Untracked 
|  39|0x0000000724b00000, 0x0000000724b00000, 0x0000000724c00000|  0%| F|  |TAMS 0x0000000724b00000, 0x0000000724b00000| Untracked 
|  40|0x0000000724c00000, 0x0000000724c00000, 0x0000000724d00000|  0%| F|  |TAMS 0x0000000724c00000, 0x0000000724c00000| Untracked 
|  41|0x0000000724d00000, 0x0000000724d00000, 0x0000000724e00000|  0%| F|  |TAMS 0x0000000724d00000, 0x0000000724d00000| Untracked 
|  42|0x0000000724e00000, 0x0000000724e00000, 0x0000000724f00000|  0%| F|  |TAMS 0x0000000724e00000, 0x0000000724e00000| Untracked 
|  43|0x0000000724f00000, 0x0000000724f00000, 0x0000000725000000|  0%| F|  |TAMS 0x0000000724f00000, 0x0000000724f00000| Untracked 
|  44|0x0000000725000000, 0x0000000725000000, 0x0000000725100000|  0%| F|  |TAMS 0x0000000725000000, 0x0000000725000000| Untracked 
|  45|0x0000000725100000, 0x0000000725100000, 0x0000000725200000|  0%| F|  |TAMS 0x0000000725100000, 0x0000000725100000| Untracked 
|  46|0x0000000725200000, 0x0000000725200000, 0x0000000725300000|  0%| F|  |TAMS 0x0000000725200000, 0x0000000725200000| Untracked 
|  47|0x0000000725300000, 0x0000000725300000, 0x0000000725400000|  0%| F|  |TAMS 0x0000000725300000, 0x0000000725300000| Untracked 
|  48|0x0000000725400000, 0x0000000725400000, 0x0000000725500000|  0%| F|  |TAMS 0x0000000725400000, 0x0000000725400000| Untracked 
|  49|0x0000000725500000, 0x0000000725500000, 0x0000000725600000|  0%| F|  |TAMS 0x0000000725500000, 0x0000000725500000| Untracked 
|  50|0x0000000725600000, 0x0000000725600000, 0x0000000725700000|  0%| F|  |TAMS 0x0000000725600000, 0x0000000725600000| Untracked 
|  51|0x0000000725700000, 0x0000000725700000, 0x0000000725800000|  0%| F|  |TAMS 0x0000000725700000, 0x0000000725700000| Untracked 
|  52|0x0000000725800000, 0x0000000725800000, 0x0000000725900000|  0%| F|  |TAMS 0x0000000725800000, 0x0000000725800000| Untracked 
|  53|0x0000000725900000, 0x0000000725900000, 0x0000000725a00000|  0%| F|  |TAMS 0x0000000725900000, 0x0000000725900000| Untracked 
|  54|0x0000000725a00000, 0x0000000725a00000, 0x0000000725b00000|  0%| F|  |TAMS 0x0000000725a00000, 0x0000000725a00000| Untracked 
|  55|0x0000000725b00000, 0x0000000725b00000, 0x0000000725c00000|  0%| F|  |TAMS 0x0000000725b00000, 0x0000000725b00000| Untracked 
|  56|0x0000000725c00000, 0x0000000725c00000, 0x0000000725d00000|  0%| F|  |TAMS 0x0000000725c00000, 0x0000000725c00000| Untracked 
|  57|0x0000000725d00000, 0x0000000725d00000, 0x0000000725e00000|  0%| F|  |TAMS 0x0000000725d00000, 0x0000000725d00000| Untracked 
|  58|0x0000000725e00000, 0x0000000725e00000, 0x0000000725f00000|  0%| F|  |TAMS 0x0000000725e00000, 0x0000000725e00000| Untracked 
|  59|0x0000000725f00000, 0x0000000725f00000, 0x0000000726000000|  0%| F|  |TAMS 0x0000000725f00000, 0x0000000725f00000| Untracked 
|  60|0x0000000726000000, 0x0000000726000000, 0x0000000726100000|  0%| F|  |TAMS 0x0000000726000000, 0x0000000726000000| Untracked 
|  61|0x0000000726100000, 0x0000000726100000, 0x0000000726200000|  0%| F|  |TAMS 0x0000000726100000, 0x0000000726100000| Untracked 
|  62|0x0000000726200000, 0x0000000726200000, 0x0000000726300000|  0%| F|  |TAMS 0x0000000726200000, 0x0000000726200000| Untracked 
|  63|0x0000000726300000, 0x0000000726300000, 0x0000000726400000|  0%| F|  |TAMS 0x0000000726300000, 0x0000000726300000| Untracked 
|  64|0x0000000726400000, 0x0000000726400000, 0x0000000726500000|  0%| F|  |TAMS 0x0000000726400000, 0x0000000726400000| Untracked 
|  65|0x0000000726500000, 0x0000000726500000, 0x0000000726600000|  0%| F|  |TAMS 0x0000000726500000, 0x0000000726500000| Untracked 
|  66|0x0000000726600000, 0x0000000726600000, 0x0000000726700000|  0%| F|  |TAMS 0x0000000726600000, 0x0000000726600000| Untracked 
|  67|0x0000000726700000, 0x0000000726700000, 0x0000000726800000|  0%| F|  |TAMS 0x0000000726700000, 0x0000000726700000| Untracked 
|  68|0x0000000726800000, 0x0000000726800000, 0x0000000726900000|  0%| F|  |TAMS 0x0000000726800000, 0x0000000726800000| Untracked 
|  69|0x0000000726900000, 0x0000000726900000, 0x0000000726a00000|  0%| F|  |TAMS 0x0000000726900000, 0x0000000726900000| Untracked 
|  70|0x0000000726a00000, 0x0000000726a00000, 0x0000000726b00000|  0%| F|  |TAMS 0x0000000726a00000, 0x0000000726a00000| Untracked 
|  71|0x0000000726b00000, 0x0000000726b00000, 0x0000000726c00000|  0%| F|  |TAMS 0x0000000726b00000, 0x0000000726b00000| Untracked 
|  72|0x0000000726c00000, 0x0000000726c00000, 0x0000000726d00000|  0%| F|  |TAMS 0x0000000726c00000, 0x0000000726c00000| Untracked 
|  73|0x0000000726d00000, 0x0000000726d00000, 0x0000000726e00000|  0%| F|  |TAMS 0x0000000726d00000, 0x0000000726d00000| Untracked 
|  74|0x0000000726e00000, 0x0000000726e00000, 0x0000000726f00000|  0%| F|  |TAMS 0x0000000726e00000, 0x0000000726e00000| Untracked 
|  75|0x0000000726f00000, 0x0000000726f00000, 0x0000000727000000|  0%| F|  |TAMS 0x0000000726f00000, 0x0000000726f00000| Untracked 
|  76|0x0000000727000000, 0x0000000727000000, 0x0000000727100000|  0%| F|  |TAMS 0x0000000727000000, 0x0000000727000000| Untracked 
|  77|0x0000000727100000, 0x0000000727100000, 0x0000000727200000|  0%| F|  |TAMS 0x0000000727100000, 0x0000000727100000| Untracked 
|  78|0x0000000727200000, 0x0000000727200000, 0x0000000727300000|  0%| F|  |TAMS 0x0000000727200000, 0x0000000727200000| Untracked 
|  79|0x0000000727300000, 0x0000000727300000, 0x0000000727400000|  0%| F|  |TAMS 0x0000000727300000, 0x0000000727300000| Untracked 
|  80|0x0000000727400000, 0x0000000727400000, 0x0000000727500000|  0%| F|  |TAMS 0x0000000727400000, 0x0000000727400000| Untracked 
|  81|0x0000000727500000, 0x0000000727500000, 0x0000000727600000|  0%| F|  |TAMS 0x0000000727500000, 0x0000000727500000| Untracked 
|  82|0x0000000727600000, 0x0000000727600000, 0x0000000727700000|  0%| F|  |TAMS 0x0000000727600000, 0x0000000727600000| Untracked 
|  83|0x0000000727700000, 0x0000000727700000, 0x0000000727800000|  0%| F|  |TAMS 0x0000000727700000, 0x0000000727700000| Untracked 
|  84|0x0000000727800000, 0x0000000727800000, 0x0000000727900000|  0%| F|  |TAMS 0x0000000727800000, 0x0000000727800000| Untracked 
|  85|0x0000000727900000, 0x0000000727900000, 0x0000000727a00000|  0%| F|  |TAMS 0x0000000727900000, 0x0000000727900000| Untracked 
|  86|0x0000000727a00000, 0x0000000727a00000, 0x0000000727b00000|  0%| F|  |TAMS 0x0000000727a00000, 0x0000000727a00000| Untracked 
|  87|0x0000000727b00000, 0x0000000727b00000, 0x0000000727c00000|  0%| F|  |TAMS 0x0000000727b00000, 0x0000000727b00000| Untracked 
|  88|0x0000000727c00000, 0x0000000727c00000, 0x0000000727d00000|  0%| F|  |TAMS 0x0000000727c00000, 0x0000000727c00000| Untracked 
|  89|0x0000000727d00000, 0x0000000727d00000, 0x0000000727e00000|  0%| F|  |TAMS 0x0000000727d00000, 0x0000000727d00000| Untracked 
|  90|0x0000000727e00000, 0x0000000727e00000, 0x0000000727f00000|  0%| F|  |TAMS 0x0000000727e00000, 0x0000000727e00000| Untracked 
|  91|0x0000000727f00000, 0x0000000727f00000, 0x0000000728000000|  0%| F|  |TAMS 0x0000000727f00000, 0x0000000727f00000| Untracked 
|  92|0x0000000728000000, 0x0000000728000000, 0x0000000728100000|  0%| F|  |TAMS 0x0000000728000000, 0x0000000728000000| Untracked 
|  93|0x0000000728100000, 0x0000000728100000, 0x0000000728200000|  0%| F|  |TAMS 0x0000000728100000, 0x0000000728100000| Untracked 
|  94|0x0000000728200000, 0x0000000728200000, 0x0000000728300000|  0%| F|  |TAMS 0x0000000728200000, 0x0000000728200000| Untracked 
|  95|0x0000000728300000, 0x0000000728300000, 0x0000000728400000|  0%| F|  |TAMS 0x0000000728300000, 0x0000000728300000| Untracked 
|  96|0x0000000728400000, 0x0000000728400000, 0x0000000728500000|  0%| F|  |TAMS 0x0000000728400000, 0x0000000728400000| Untracked 
|  97|0x0000000728500000, 0x0000000728500000, 0x0000000728600000|  0%| F|  |TAMS 0x0000000728500000, 0x0000000728500000| Untracked 
|  98|0x0000000728600000, 0x0000000728600000, 0x0000000728700000|  0%| F|  |TAMS 0x0000000728600000, 0x0000000728600000| Untracked 
|  99|0x0000000728700000, 0x0000000728700000, 0x0000000728800000|  0%| F|  |TAMS 0x0000000728700000, 0x0000000728700000| Untracked 
| 100|0x0000000728800000, 0x0000000728800000, 0x0000000728900000|  0%| F|  |TAMS 0x0000000728800000, 0x0000000728800000| Untracked 
| 101|0x0000000728900000, 0x0000000728900000, 0x0000000728a00000|  0%| F|  |TAMS 0x0000000728900000, 0x0000000728900000| Untracked 
| 102|0x0000000728a00000, 0x0000000728a00000, 0x0000000728b00000|  0%| F|  |TAMS 0x0000000728a00000, 0x0000000728a00000| Untracked 
| 103|0x0000000728b00000, 0x0000000728b00000, 0x0000000728c00000|  0%| F|  |TAMS 0x0000000728b00000, 0x0000000728b00000| Untracked 
| 104|0x0000000728c00000, 0x0000000728c00000, 0x0000000728d00000|  0%| F|  |TAMS 0x0000000728c00000, 0x0000000728c00000| Untracked 
| 105|0x0000000728d00000, 0x0000000728d00000, 0x0000000728e00000|  0%| F|  |TAMS 0x0000000728d00000, 0x0000000728d00000| Untracked 
| 106|0x0000000728e00000, 0x0000000728e00000, 0x0000000728f00000|  0%| F|  |TAMS 0x0000000728e00000, 0x0000000728e00000| Untracked 
| 107|0x0000000728f00000, 0x0000000728f00000, 0x0000000729000000|  0%| F|  |TAMS 0x0000000728f00000, 0x0000000728f00000| Untracked 
| 108|0x0000000729000000, 0x0000000729000000, 0x0000000729100000|  0%| F|  |TAMS 0x0000000729000000, 0x0000000729000000| Untracked 
| 109|0x0000000729100000, 0x0000000729100000, 0x0000000729200000|  0%| F|  |TAMS 0x0000000729100000, 0x0000000729100000| Untracked 
| 110|0x0000000729200000, 0x0000000729200000, 0x0000000729300000|  0%| F|  |TAMS 0x0000000729200000, 0x0000000729200000| Untracked 
| 111|0x0000000729300000, 0x0000000729300000, 0x0000000729400000|  0%| F|  |TAMS 0x0000000729300000, 0x0000000729300000| Untracked 
| 112|0x0000000729400000, 0x0000000729400000, 0x0000000729500000|  0%| F|  |TAMS 0x0000000729400000, 0x0000000729400000| Untracked 
| 113|0x0000000729500000, 0x0000000729500000, 0x0000000729600000|  0%| F|  |TAMS 0x0000000729500000, 0x0000000729500000| Untracked 
| 114|0x0000000729600000, 0x0000000729600000, 0x0000000729700000|  0%| F|  |TAMS 0x0000000729600000, 0x0000000729600000| Untracked 
| 115|0x0000000729700000, 0x0000000729700000, 0x0000000729800000|  0%| F|  |TAMS 0x0000000729700000, 0x0000000729700000| Untracked 
| 116|0x0000000729800000, 0x0000000729800000, 0x0000000729900000|  0%| F|  |TAMS 0x0000000729800000, 0x0000000729800000| Untracked 
| 117|0x0000000729900000, 0x0000000729900000, 0x0000000729a00000|  0%| F|  |TAMS 0x0000000729900000, 0x0000000729900000| Untracked 
| 118|0x0000000729a00000, 0x0000000729a00000, 0x0000000729b00000|  0%| F|  |TAMS 0x0000000729a00000, 0x0000000729a00000| Untracked 
| 119|0x0000000729b00000, 0x0000000729b00000, 0x0000000729c00000|  0%| F|  |TAMS 0x0000000729b00000, 0x0000000729b00000| Untracked 
| 120|0x0000000729c00000, 0x0000000729c00000, 0x0000000729d00000|  0%| F|  |TAMS 0x0000000729c00000, 0x0000000729c00000| Untracked 
| 121|0x0000000729d00000, 0x0000000729d00000, 0x0000000729e00000|  0%| F|  |TAMS 0x0000000729d00000, 0x0000000729d00000| Untracked 
| 122|0x0000000729e00000, 0x0000000729e00000, 0x0000000729f00000|  0%| F|  |TAMS 0x0000000729e00000, 0x0000000729e00000| Untracked 
| 123|0x0000000729f00000, 0x0000000729f00000, 0x000000072a000000|  0%| F|  |TAMS 0x0000000729f00000, 0x0000000729f00000| Untracked 
| 124|0x000000072a000000, 0x000000072a000000, 0x000000072a100000|  0%| F|  |TAMS 0x000000072a000000, 0x000000072a000000| Untracked 
| 125|0x000000072a100000, 0x000000072a100000, 0x000000072a200000|  0%| F|  |TAMS 0x000000072a100000, 0x000000072a100000| Untracked 
| 126|0x000000072a200000, 0x000000072a200000, 0x000000072a300000|  0%| F|  |TAMS 0x000000072a200000, 0x000000072a200000| Untracked 
| 127|0x000000072a300000, 0x000000072a300000, 0x000000072a400000|  0%| F|  |TAMS 0x000000072a300000, 0x000000072a300000| Untracked 
| 128|0x000000072a400000, 0x000000072a400000, 0x000000072a500000|  0%| F|  |TAMS 0x000000072a400000, 0x000000072a400000| Untracked 
| 129|0x000000072a500000, 0x000000072a500000, 0x000000072a600000|  0%| F|  |TAMS 0x000000072a500000, 0x000000072a500000| Untracked 
| 130|0x000000072a600000, 0x000000072a600000, 0x000000072a700000|  0%| F|  |TAMS 0x000000072a600000, 0x000000072a600000| Untracked 
| 131|0x000000072a700000, 0x000000072a700000, 0x000000072a800000|  0%| F|  |TAMS 0x000000072a700000, 0x000000072a700000| Untracked 
| 132|0x000000072a800000, 0x000000072a800000, 0x000000072a900000|  0%| F|  |TAMS 0x000000072a800000, 0x000000072a800000| Untracked 
| 133|0x000000072a900000, 0x000000072a900000, 0x000000072aa00000|  0%| F|  |TAMS 0x000000072a900000, 0x000000072a900000| Untracked 
| 134|0x000000072aa00000, 0x000000072aa00000, 0x000000072ab00000|  0%| F|  |TAMS 0x000000072aa00000, 0x000000072aa00000| Untracked 
| 135|0x000000072ab00000, 0x000000072ab00000, 0x000000072ac00000|  0%| F|  |TAMS 0x000000072ab00000, 0x000000072ab00000| Untracked 
| 136|0x000000072ac00000, 0x000000072ac00000, 0x000000072ad00000|  0%| F|  |TAMS 0x000000072ac00000, 0x000000072ac00000| Untracked 
| 137|0x000000072ad00000, 0x000000072ad00000, 0x000000072ae00000|  0%| F|  |TAMS 0x000000072ad00000, 0x000000072ad00000| Untracked 
| 138|0x000000072ae00000, 0x000000072ae00000, 0x000000072af00000|  0%| F|  |TAMS 0x000000072ae00000, 0x000000072ae00000| Untracked 
| 139|0x000000072af00000, 0x000000072af00000, 0x000000072b000000|  0%| F|  |TAMS 0x000000072af00000, 0x000000072af00000| Untracked 
| 140|0x000000072b000000, 0x000000072b000000, 0x000000072b100000|  0%| F|  |TAMS 0x000000072b000000, 0x000000072b000000| Untracked 
| 141|0x000000072b100000, 0x000000072b100000, 0x000000072b200000|  0%| F|  |TAMS 0x000000072b100000, 0x000000072b100000| Untracked 
| 142|0x000000072b200000, 0x000000072b200000, 0x000000072b300000|  0%| F|  |TAMS 0x000000072b200000, 0x000000072b200000| Untracked 
| 143|0x000000072b300000, 0x000000072b300000, 0x000000072b400000|  0%| F|  |TAMS 0x000000072b300000, 0x000000072b300000| Untracked 
| 144|0x000000072b400000, 0x000000072b400000, 0x000000072b500000|  0%| F|  |TAMS 0x000000072b400000, 0x000000072b400000| Untracked 
| 145|0x000000072b500000, 0x000000072b500000, 0x000000072b600000|  0%| F|  |TAMS 0x000000072b500000, 0x000000072b500000| Untracked 
| 146|0x000000072b600000, 0x000000072b600000, 0x000000072b700000|  0%| F|  |TAMS 0x000000072b600000, 0x000000072b600000| Untracked 
| 147|0x000000072b700000, 0x000000072b700000, 0x000000072b800000|  0%| F|  |TAMS 0x000000072b700000, 0x000000072b700000| Untracked 
| 148|0x000000072b800000, 0x000000072b800000, 0x000000072b900000|  0%| F|  |TAMS 0x000000072b800000, 0x000000072b800000| Untracked 
| 149|0x000000072b900000, 0x000000072b900000, 0x000000072ba00000|  0%| F|  |TAMS 0x000000072b900000, 0x000000072b900000| Untracked 
| 150|0x000000072ba00000, 0x000000072ba00000, 0x000000072bb00000|  0%| F|  |TAMS 0x000000072ba00000, 0x000000072ba00000| Untracked 
| 151|0x000000072bb00000, 0x000000072bb00000, 0x000000072bc00000|  0%| F|  |TAMS 0x000000072bb00000, 0x000000072bb00000| Untracked 
| 152|0x000000072bc00000, 0x000000072bc00000, 0x000000072bd00000|  0%| F|  |TAMS 0x000000072bc00000, 0x000000072bc00000| Untracked 
| 153|0x000000072bd00000, 0x000000072bd00000, 0x000000072be00000|  0%| F|  |TAMS 0x000000072bd00000, 0x000000072bd00000| Untracked 
| 154|0x000000072be00000, 0x000000072be00000, 0x000000072bf00000|  0%| F|  |TAMS 0x000000072be00000, 0x000000072be00000| Untracked 
| 155|0x000000072bf00000, 0x000000072bf00000, 0x000000072c000000|  0%| F|  |TAMS 0x000000072bf00000, 0x000000072bf00000| Untracked 
| 156|0x000000072c000000, 0x000000072c000000, 0x000000072c100000|  0%| F|  |TAMS 0x000000072c000000, 0x000000072c000000| Untracked 
| 157|0x000000072c100000, 0x000000072c100000, 0x000000072c200000|  0%| F|  |TAMS 0x000000072c100000, 0x000000072c100000| Untracked 
| 158|0x000000072c200000, 0x000000072c200000, 0x000000072c300000|  0%| F|  |TAMS 0x000000072c200000, 0x000000072c200000| Untracked 
| 159|0x000000072c300000, 0x000000072c300000, 0x000000072c400000|  0%| F|  |TAMS 0x000000072c300000, 0x000000072c300000| Untracked 
| 160|0x000000072c400000, 0x000000072c400000, 0x000000072c500000|  0%| F|  |TAMS 0x000000072c400000, 0x000000072c400000| Untracked 
| 161|0x000000072c500000, 0x000000072c500000, 0x000000072c600000|  0%| F|  |TAMS 0x000000072c500000, 0x000000072c500000| Untracked 
| 162|0x000000072c600000, 0x000000072c600000, 0x000000072c700000|  0%| F|  |TAMS 0x000000072c600000, 0x000000072c600000| Untracked 
| 163|0x000000072c700000, 0x000000072c700000, 0x000000072c800000|  0%| F|  |TAMS 0x000000072c700000, 0x000000072c700000| Untracked 
| 164|0x000000072c800000, 0x000000072c800000, 0x000000072c900000|  0%| F|  |TAMS 0x000000072c800000, 0x000000072c800000| Untracked 
| 165|0x000000072c900000, 0x000000072c900000, 0x000000072ca00000|  0%| F|  |TAMS 0x000000072c900000, 0x000000072c900000| Untracked 
| 166|0x000000072ca00000, 0x000000072ca00000, 0x000000072cb00000|  0%| F|  |TAMS 0x000000072ca00000, 0x000000072ca00000| Untracked 
| 167|0x000000072cb00000, 0x000000072cb00000, 0x000000072cc00000|  0%| F|  |TAMS 0x000000072cb00000, 0x000000072cb00000| Untracked 
| 168|0x000000072cc00000, 0x000000072cc00000, 0x000000072cd00000|  0%| F|  |TAMS 0x000000072cc00000, 0x000000072cc00000| Untracked 
| 169|0x000000072cd00000, 0x000000072cd00000, 0x000000072ce00000|  0%| F|  |TAMS 0x000000072cd00000, 0x000000072cd00000| Untracked 
| 170|0x000000072ce00000, 0x000000072ce00000, 0x000000072cf00000|  0%| F|  |TAMS 0x000000072ce00000, 0x000000072ce00000| Untracked 
| 171|0x000000072cf00000, 0x000000072cf00000, 0x000000072d000000|  0%| F|  |TAMS 0x000000072cf00000, 0x000000072cf00000| Untracked 
| 172|0x000000072d000000, 0x000000072d000000, 0x000000072d100000|  0%| F|  |TAMS 0x000000072d000000, 0x000000072d000000| Untracked 
| 173|0x000000072d100000, 0x000000072d100000, 0x000000072d200000|  0%| F|  |TAMS 0x000000072d100000, 0x000000072d100000| Untracked 
| 174|0x000000072d200000, 0x000000072d200000, 0x000000072d300000|  0%| F|  |TAMS 0x000000072d200000, 0x000000072d200000| Untracked 
| 175|0x000000072d300000, 0x000000072d300000, 0x000000072d400000|  0%| F|  |TAMS 0x000000072d300000, 0x000000072d300000| Untracked 
| 176|0x000000072d400000, 0x000000072d400000, 0x000000072d500000|  0%| F|  |TAMS 0x000000072d400000, 0x000000072d400000| Untracked 
| 177|0x000000072d500000, 0x000000072d500000, 0x000000072d600000|  0%| F|  |TAMS 0x000000072d500000, 0x000000072d500000| Untracked 
| 178|0x000000072d600000, 0x000000072d600000, 0x000000072d700000|  0%| F|  |TAMS 0x000000072d600000, 0x000000072d600000| Untracked 
| 179|0x000000072d700000, 0x000000072d700000, 0x000000072d800000|  0%| F|  |TAMS 0x000000072d700000, 0x000000072d700000| Untracked 
| 180|0x000000072d800000, 0x000000072d800000, 0x000000072d900000|  0%| F|  |TAMS 0x000000072d800000, 0x000000072d800000| Untracked 
| 181|0x000000072d900000, 0x000000072d900000, 0x000000072da00000|  0%| F|  |TAMS 0x000000072d900000, 0x000000072d900000| Untracked 
| 182|0x000000072da00000, 0x000000072da00000, 0x000000072db00000|  0%| F|  |TAMS 0x000000072da00000, 0x000000072da00000| Untracked 
| 183|0x000000072db00000, 0x000000072db00000, 0x000000072dc00000|  0%| F|  |TAMS 0x000000072db00000, 0x000000072db00000| Untracked 
| 184|0x000000072dc00000, 0x000000072dc00000, 0x000000072dd00000|  0%| F|  |TAMS 0x000000072dc00000, 0x000000072dc00000| Untracked 
| 185|0x000000072dd00000, 0x000000072dd00000, 0x000000072de00000|  0%| F|  |TAMS 0x000000072dd00000, 0x000000072dd00000| Untracked 
| 186|0x000000072de00000, 0x000000072de00000, 0x000000072df00000|  0%| F|  |TAMS 0x000000072de00000, 0x000000072de00000| Untracked 
| 187|0x000000072df00000, 0x000000072df00000, 0x000000072e000000|  0%| F|  |TAMS 0x000000072df00000, 0x000000072df00000| Untracked 
| 188|0x000000072e000000, 0x000000072e000000, 0x000000072e100000|  0%| F|  |TAMS 0x000000072e000000, 0x000000072e000000| Untracked 
| 189|0x000000072e100000, 0x000000072e100000, 0x000000072e200000|  0%| F|  |TAMS 0x000000072e100000, 0x000000072e100000| Untracked 
| 190|0x000000072e200000, 0x000000072e200000, 0x000000072e300000|  0%| F|  |TAMS 0x000000072e200000, 0x000000072e200000| Untracked 
| 191|0x000000072e300000, 0x000000072e300000, 0x000000072e400000|  0%| F|  |TAMS 0x000000072e300000, 0x000000072e300000| Untracked 
| 192|0x000000072e400000, 0x000000072e400000, 0x000000072e500000|  0%| F|  |TAMS 0x000000072e400000, 0x000000072e400000| Untracked 
| 193|0x000000072e500000, 0x000000072e500000, 0x000000072e600000|  0%| F|  |TAMS 0x000000072e500000, 0x000000072e500000| Untracked 
| 194|0x000000072e600000, 0x000000072e600000, 0x000000072e700000|  0%| F|  |TAMS 0x000000072e600000, 0x000000072e600000| Untracked 
| 195|0x000000072e700000, 0x000000072e700000, 0x000000072e800000|  0%| F|  |TAMS 0x000000072e700000, 0x000000072e700000| Untracked 
| 196|0x000000072e800000, 0x000000072e800000, 0x000000072e900000|  0%| F|  |TAMS 0x000000072e800000, 0x000000072e800000| Untracked 
| 197|0x000000072e900000, 0x000000072e900000, 0x000000072ea00000|  0%| F|  |TAMS 0x000000072e900000, 0x000000072e900000| Untracked 
| 198|0x000000072ea00000, 0x000000072ea00000, 0x000000072eb00000|  0%| F|  |TAMS 0x000000072ea00000, 0x000000072ea00000| Untracked 
| 199|0x000000072eb00000, 0x000000072eb00000, 0x000000072ec00000|  0%| F|  |TAMS 0x000000072eb00000, 0x000000072eb00000| Untracked 
| 200|0x000000072ec00000, 0x000000072ec00000, 0x000000072ed00000|  0%| F|  |TAMS 0x000000072ec00000, 0x000000072ec00000| Untracked 
| 201|0x000000072ed00000, 0x000000072ed00000, 0x000000072ee00000|  0%| F|  |TAMS 0x000000072ed00000, 0x000000072ed00000| Untracked 
| 202|0x000000072ee00000, 0x000000072ee00000, 0x000000072ef00000|  0%| F|  |TAMS 0x000000072ee00000, 0x000000072ee00000| Untracked 
| 203|0x000000072ef00000, 0x000000072ef00000, 0x000000072f000000|  0%| F|  |TAMS 0x000000072ef00000, 0x000000072ef00000| Untracked 
| 204|0x000000072f000000, 0x000000072f000000, 0x000000072f100000|  0%| F|  |TAMS 0x000000072f000000, 0x000000072f000000| Untracked 
| 205|0x000000072f100000, 0x000000072f100000, 0x000000072f200000|  0%| F|  |TAMS 0x000000072f100000, 0x000000072f100000| Untracked 
| 206|0x000000072f200000, 0x000000072f200000, 0x000000072f300000|  0%| F|  |TAMS 0x000000072f200000, 0x000000072f200000| Untracked 
| 207|0x000000072f300000, 0x000000072f300000, 0x000000072f400000|  0%| F|  |TAMS 0x000000072f300000, 0x000000072f300000| Untracked 
| 208|0x000000072f400000, 0x000000072f4f64c8, 0x000000072f500000| 96%| E|  |TAMS 0x000000072f400000, 0x000000072f400000| Complete 
| 209|0x000000072f500000, 0x000000072f600000, 0x000000072f600000|100%| E|CS|TAMS 0x000000072f500000, 0x000000072f500000| Complete 
| 210|0x000000072f600000, 0x000000072f700000, 0x000000072f700000|100%| E|CS|TAMS 0x000000072f600000, 0x000000072f600000| Complete 
| 211|0x000000072f700000, 0x000000072f800000, 0x000000072f800000|100%| E|CS|TAMS 0x000000072f700000, 0x000000072f700000| Complete 
| 212|0x000000072f800000, 0x000000072f900000, 0x000000072f900000|100%| E|CS|TAMS 0x000000072f800000, 0x000000072f800000| Complete 
| 213|0x000000072f900000, 0x000000072fa00000, 0x000000072fa00000|100%| E|CS|TAMS 0x000000072f900000, 0x000000072f900000| Complete 
| 214|0x000000072fa00000, 0x000000072fb00000, 0x000000072fb00000|100%| E|  |TAMS 0x000000072fa00000, 0x000000072fa00000| Complete 
| 215|0x000000072fb00000, 0x000000072fc00000, 0x000000072fc00000|100%| E|CS|TAMS 0x000000072fb00000, 0x000000072fb00000| Complete 
| 216|0x000000072fc00000, 0x000000072fd00000, 0x000000072fd00000|100%| E|CS|TAMS 0x000000072fc00000, 0x000000072fc00000| Complete 
| 217|0x000000072fd00000, 0x000000072fe00000, 0x000000072fe00000|100%| E|CS|TAMS 0x000000072fd00000, 0x000000072fd00000| Complete 
| 218|0x000000072fe00000, 0x000000072ff00000, 0x000000072ff00000|100%| E|CS|TAMS 0x000000072fe00000, 0x000000072fe00000| Complete 
| 219|0x000000072ff00000, 0x0000000730000000, 0x0000000730000000|100%| E|CS|TAMS 0x000000072ff00000, 0x000000072ff00000| Complete 
| 220|0x0000000730000000, 0x0000000730100000, 0x0000000730100000|100%| E|CS|TAMS 0x0000000730000000, 0x0000000730000000| Complete 
| 221|0x0000000730100000, 0x0000000730200000, 0x0000000730200000|100%| E|CS|TAMS 0x0000000730100000, 0x0000000730100000| Complete 

Card table byte_map: [0x0000022418d70000,0x0000022419460000] _byte_map_base: 0x000002241545e000

Marking Bits (Prev, Next): (CMBitMap*) 0x0000022479f7e528, (CMBitMap*) 0x0000022479f7e560
 Prev Bits: [0x0000022419b50000, 0x000002241d2c0000)
 Next Bits: [0x000002241d2c0000, 0x0000022420a30000)

Polling page: 0x0000022400000000

Metaspace:

Usage:
  Non-class:      9.21 MB capacity,     9.08 MB ( 99%) used,   125.15 KB (  1%) free+waste,     8.63 KB ( <1%) overhead. 
      Class:    940.00 KB capacity,   893.11 KB ( 95%) used,    43.64 KB (  5%) free+waste,     3.25 KB ( <1%) overhead. 
       Both:     10.13 MB capacity,     9.95 MB ( 98%) used,   168.79 KB (  2%) free+waste,    11.88 KB ( <1%) overhead. 

Virtual space:
  Non-class space:       10.00 MB reserved,       9.25 MB ( 93%) committed 
      Class space:        1.00 GB reserved,       1.00 MB ( <1%) committed 
             Both:        1.01 GB reserved,      10.25 MB ( <1%) committed 

Chunk freelists:
   Non-Class:  43.00 KB
       Class:  20.00 KB
        Both:  63.00 KB

MaxMetaspaceSize: 17179869184.00 GB
CompressedClassSpaceSize: 1.00 GB
Initial GC threshold: 20.80 MB
Current GC threshold: 20.80 MB
CDS: off

CodeHeap 'non-profiled nmethods': size=119168Kb used=208Kb max_used=208Kb free=118959Kb
 bounds [0x0000022410260000, 0x00000224104d0000, 0x00000224176c0000]
CodeHeap 'profiled nmethods': size=119168Kb used=1126Kb max_used=1126Kb free=118041Kb
 bounds [0x0000022408e00000, 0x0000022409070000, 0x0000022410260000]
CodeHeap 'non-nmethods': size=7424Kb used=2255Kb max_used=2268Kb free=5168Kb
 bounds [0x00000224086c0000, 0x0000022408930000, 0x0000022408e00000]
 total_blobs=1069 nmethods=687 adapters=293
 compilation: enabled
              stopped_count=0, restarted_count=0
 full_count=0

Compilation events (20 events):
Event: 0.316 Thread 0x00000224245ba000 nmethod 673 0x0000022408f14090 code [0x0000022408f14380, 0x0000022408f159f8]
Event: 0.316 Thread 0x00000224245eb800  680       4       java.lang.String::checkBoundsBeginEnd (60 bytes)
Event: 0.316 Thread 0x00000224245ba000  679       3       java.util.StringTokenizer::hasMoreTokens (29 bytes)
Event: 0.316 Thread 0x00000224243f7000 nmethod 678 0x0000022408f15f90 code [0x0000022408f16180, 0x0000022408f16498]
Event: 0.316 Thread 0x0000022424446000  681       4       java.util.StringTokenizer::scanToken (179 bytes)
Event: 0.316 Thread 0x00000224245e8800  682       4       java.lang.String::substring (58 bytes)
Event: 0.316 Thread 0x00000224245ba000 nmethod 679 0x0000022408f16610 code [0x0000022408f167c0, 0x0000022408f16968]
Event: 0.316 Thread 0x00000224245eb800 nmethod 680 0x0000022410292e10 code [0x0000022410292fa0, 0x0000022410293038]
Event: 0.316 Thread 0x00000224245b9000 nmethod 677 0x0000022408f16a10 code [0x0000022408f16cc0, 0x0000022408f17a08]
Event: 0.318 Thread 0x00000224243f7000  683       3       java.nio.ByteBuffer::position (8 bytes)
Event: 0.318 Thread 0x00000224243f7000 nmethod 683 0x0000022408f17f10 code [0x0000022408f180c0, 0x0000022408f18208]
Event: 0.320 Thread 0x00000224245e8800 nmethod 682 0x0000022410293110 code [0x00000224102932c0, 0x0000022410293798]
Event: 0.320 Thread 0x00000224245ba000  684       3       java.util.Collections$UnmodifiableCollection$1::next (10 bytes)
Event: 0.320 Thread 0x00000224245ba000 nmethod 684 0x0000022408f18290 code [0x0000022408f18440, 0x0000022408f18608]
Event: 0.320 Thread 0x00000224245ba000  685       3       sun.nio.cs.SingleByte$Encoder::encode (32 bytes)
Event: 0.321 Thread 0x00000224245b9000  686       3       java.lang.String::getChars (54 bytes)
Event: 0.321 Thread 0x00000224243f7000  687       3       java.lang.StringLatin1::getChars (12 bytes)
Event: 0.321 Thread 0x00000224245ba000 nmethod 685 0x0000022408f18710 code [0x0000022408f188c0, 0x0000022408f18a78]
Event: 0.321 Thread 0x0000022424446000 nmethod 681 0x0000022410293a10 code [0x0000022410293bc0, 0x0000022410293f18]
Event: 0.321 Thread 0x00000224243f7000 nmethod 687 0x0000022408f18b90 code [0x0000022408f18d60, 0x0000022408f18fb8]

GC Heap History (0 events):
No events

Deoptimization events (20 events):
Event: 0.188 Thread 0x000002247c043800 DEOPT PACKING pc=0x000002241027bb08 sp=0x000000bc4fcface0
Event: 0.188 Thread 0x000002247c043800 DEOPT UNPACKING pc=0x000002240870a1af sp=0x000000bc4fcfac80 mode 2
Event: 0.189 Thread 0x000002247c043800 DEOPT PACKING pc=0x0000022408e6df6d sp=0x000000bc4fcfaac0
Event: 0.189 Thread 0x000002247c043800 DEOPT UNPACKING pc=0x000002240870a95e sp=0x000000bc4fcf9f20 mode 0
Event: 0.206 Thread 0x000002247c043800 DEOPT PACKING pc=0x0000022408e51dd0 sp=0x000000bc4fcfe160
Event: 0.206 Thread 0x000002247c043800 DEOPT UNPACKING pc=0x000002240870a95e sp=0x000000bc4fcfd5e8 mode 0
Event: 0.206 Thread 0x000002247c043800 DEOPT PACKING pc=0x0000022408e51dd0 sp=0x000000bc4fcfe120
Event: 0.206 Thread 0x000002247c043800 DEOPT UNPACKING pc=0x000002240870a95e sp=0x000000bc4fcfd5a8 mode 0
Event: 0.208 Thread 0x000002247c043800 DEOPT PACKING pc=0x0000022408e51dd0 sp=0x000000bc4fcfe160
Event: 0.208 Thread 0x000002247c043800 DEOPT UNPACKING pc=0x000002240870a95e sp=0x000000bc4fcfd5e8 mode 0
Event: 0.214 Thread 0x000002247c043800 Uncommon trap: trap_request=0xffffff4d fr.pc=0x000002241026eae8 relative=0x0000000000000c68
Event: 0.214 Thread 0x000002247c043800 Uncommon trap: reason=unstable_if action=reinterpret pc=0x000002241026eae8 method=java.util.HashMap.putVal(ILjava/lang/Object;Ljava/lang/Object;ZZ)Ljava/lang/Object; @ 181 c2
Event: 0.214 Thread 0x000002247c043800 DEOPT PACKING pc=0x000002241026eae8 sp=0x000000bc4fcfdfb0
Event: 0.214 Thread 0x000002247c043800 DEOPT UNPACKING pc=0x000002240870a1af sp=0x000000bc4fcfdf40 mode 2
Event: 0.279 Thread 0x000002247c043800 DEOPT PACKING pc=0x0000022408e4d924 sp=0x000000bc4fcfcf50
Event: 0.279 Thread 0x000002247c043800 DEOPT UNPACKING pc=0x000002240870a95e sp=0x000000bc4fcfc3e8 mode 0
Event: 0.319 Thread 0x000002247c043800 Uncommon trap: trap_request=0xffffff4d fr.pc=0x000002241026db14 relative=0x0000000000000074
Event: 0.319 Thread 0x000002247c043800 Uncommon trap: reason=unstable_if action=reinterpret pc=0x000002241026db14 method=java.lang.String.isLatin1()Z @ 10 c2
Event: 0.319 Thread 0x000002247c043800 DEOPT PACKING pc=0x000002241026db14 sp=0x000000bc4fcfdc40
Event: 0.319 Thread 0x000002247c043800 DEOPT UNPACKING pc=0x000002240870a1af sp=0x000000bc4fcfdb80 mode 2

Classes redefined (0 events):
No events

Internal exceptions (1 events):
Event: 0.320 Thread 0x000002247c043800 Exception <a 'java/lang/reflect/InvocationTargetException'{0x000000072f489c98}> (0x000000072f489c98) thrown at [s\src\hotspot\share\runtime\reflection.cpp, line 1245]

Events (20 events):
Event: 0.319 loading class java/util/Formatter$FixedString
Event: 0.319 loading class java/util/Formatter$FormatString
Event: 0.319 loading class java/util/Formatter$FormatString done
Event: 0.319 loading class java/util/Formatter$FixedString done
Event: 0.319 loading class java/util/Formatter$FormatSpecifier
Event: 0.319 loading class java/util/Formatter$FormatSpecifier done
Event: 0.319 loading class java/util/Formatter$Flags
Event: 0.320 loading class java/util/Formatter$Flags done
Event: 0.320 loading class java/util/Formatter$Conversion
Event: 0.320 loading class java/util/Formatter$Conversion done
Event: 0.320 loading class java/util/Formattable
Event: 0.320 loading class java/util/Formattable done
Event: 0.320 loading class java/lang/reflect/InvocationTargetException
Event: 0.320 loading class java/lang/reflect/InvocationTargetException done
Event: 0.320 loading class java/lang/Throwable$WrappedPrintStream
Event: 0.320 loading class java/lang/Throwable$PrintStreamOrWriter
Event: 0.320 loading class java/lang/Throwable$PrintStreamOrWriter done
Event: 0.320 loading class java/lang/Throwable$WrappedPrintStream done
Event: 0.320 loading class java/lang/StackTraceElement$HashedModules
Event: 0.320 loading class java/lang/StackTraceElement$HashedModules done


Dynamic libraries:
0x00007ff725dd0000 - 0x00007ff725ddd000 	C:\Users\Lenovo\.jdks\corretto-11.0.20.1\bin\java.exe
0x00007ffee83c0000 - 0x00007ffee85c9000 	C:\WINDOWS\SYSTEM32\ntdll.dll
0x00007ffee71b0000 - 0x00007ffee726d000 	C:\WINDOWS\System32\KERNEL32.DLL
0x00007ffee5af0000 - 0x00007ffee5e74000 	C:\WINDOWS\System32\KERNELBASE.dll
0x00007ffee5f20000 - 0x00007ffee6031000 	C:\WINDOWS\System32\ucrtbase.dll
0x00007ffec8380000 - 0x00007ffec8397000 	C:\Users\Lenovo\.jdks\corretto-11.0.20.1\bin\jli.dll
0x00007ffebdaf0000 - 0x00007ffebdb09000 	C:\Users\Lenovo\.jdks\corretto-11.0.20.1\bin\VCRUNTIME140.dll
0x00007ffee7000000 - 0x00007ffee71ad000 	C:\WINDOWS\System32\USER32.dll
0x00007ffee6040000 - 0x00007ffee6066000 	C:\WINDOWS\System32\win32u.dll
0x00007ffee6d70000 - 0x00007ffee6d9a000 	C:\WINDOWS\System32\GDI32.dll
0x00007ffed5c20000 - 0x00007ffed5ec5000 	C:\WINDOWS\WinSxS\amd64_microsoft.windows.common-controls_6595b64144ccf1df_6.0.22000.120_none_9d947278b86cc467\COMCTL32.dll
0x00007ffee60f0000 - 0x00007ffee620e000 	C:\WINDOWS\System32\gdi32full.dll
0x00007ffee5e80000 - 0x00007ffee5f1d000 	C:\WINDOWS\System32\msvcp_win.dll
0x00007ffee6ec0000 - 0x00007ffee6f63000 	C:\WINDOWS\System32\msvcrt.dll
0x00007ffee82a0000 - 0x00007ffee82d1000 	C:\WINDOWS\System32\IMM32.DLL
0x00007ffea8530000 - 0x00007ffea85cb000 	C:\Users\Lenovo\.jdks\corretto-11.0.20.1\bin\msvcp140.dll
0x00007ffe9f0f0000 - 0x00007ffe9fc7b000 	C:\Users\Lenovo\.jdks\corretto-11.0.20.1\bin\server\jvm.dll
0x00007ffee6e00000 - 0x00007ffee6eae000 	C:\WINDOWS\System32\ADVAPI32.dll
0x00007ffee82e0000 - 0x00007ffee837e000 	C:\WINDOWS\System32\sechost.dll
0x00007ffee6730000 - 0x00007ffee6851000 	C:\WINDOWS\System32\RPCRT4.dll
0x00007ffee7cf0000 - 0x00007ffee7cf8000 	C:\WINDOWS\System32\PSAPI.DLL
0x00007ffecd370000 - 0x00007ffecd379000 	C:\WINDOWS\SYSTEM32\WSOCK32.dll
0x00007ffee7fc0000 - 0x00007ffee802f000 	C:\WINDOWS\System32\WS2_32.dll
0x00007ffee08e0000 - 0x00007ffee0913000 	C:\WINDOWS\SYSTEM32\WINMM.dll
0x00007ffedfbe0000 - 0x00007ffedfbea000 	C:\WINDOWS\SYSTEM32\VERSION.dll
0x00007ffee4880000 - 0x00007ffee4898000 	C:\WINDOWS\SYSTEM32\kernel.appcore.dll
0x00007ffed3e60000 - 0x00007ffed3e70000 	C:\Users\Lenovo\.jdks\corretto-11.0.20.1\bin\verify.dll
0x00007ffee33e0000 - 0x00007ffee3601000 	C:\WINDOWS\SYSTEM32\DBGHELP.DLL
0x00007ffeccfe0000 - 0x00007ffecd011000 	C:\WINDOWS\SYSTEM32\dbgcore.DLL
0x00007ffee6070000 - 0x00007ffee60ef000 	C:\WINDOWS\System32\bcryptPrimitives.dll
0x00007ffeba9b0000 - 0x00007ffeba9d8000 	C:\Users\Lenovo\.jdks\corretto-11.0.20.1\bin\java.dll
0x00007ffed3ca0000 - 0x00007ffed3caa000 	C:\Users\Lenovo\.jdks\corretto-11.0.20.1\bin\jimage.dll
0x00007ffee1dc0000 - 0x00007ffee1dce000 	C:\Users\Lenovo\.jdks\corretto-11.0.20.1\bin\instrument.dll
0x00007ffebbff0000 - 0x00007ffebc008000 	C:\Users\Lenovo\.jdks\corretto-11.0.20.1\bin\zip.dll
0x00007ffee7470000 - 0x00007ffee7c35000 	C:\WINDOWS\System32\SHELL32.dll
0x00007ffee3780000 - 0x00007ffee3fe2000 	C:\WINDOWS\SYSTEM32\windows.storage.dll
0x00007ffee63b0000 - 0x00007ffee6726000 	C:\WINDOWS\System32\combase.dll
0x00007ffee3610000 - 0x00007ffee3777000 	C:\WINDOWS\SYSTEM32\wintypes.dll
0x00007ffee7ec0000 - 0x00007ffee7faa000 	C:\WINDOWS\System32\SHCORE.dll
0x00007ffee8240000 - 0x00007ffee829d000 	C:\WINDOWS\System32\shlwapi.dll
0x00007ffee5780000 - 0x00007ffee57a5000 	C:\WINDOWS\SYSTEM32\profapi.dll
0x00007ffebad60000 - 0x00007ffebad79000 	C:\Users\Lenovo\.jdks\corretto-11.0.20.1\bin\net.dll
0x00007ffee06b0000 - 0x00007ffee07c4000 	C:\WINDOWS\SYSTEM32\WINHTTP.dll
0x00007ffee4d20000 - 0x00007ffee4d87000 	C:\WINDOWS\system32\mswsock.dll
0x00007ffebad00000 - 0x00007ffebad13000 	C:\Users\Lenovo\.jdks\corretto-11.0.20.1\bin\nio.dll
0x00007ffedc8d0000 - 0x00007ffedc8e7000 	C:\WINDOWS\system32\napinsp.dll
0x00007ffedc8b0000 - 0x00007ffedc8cb000 	C:\WINDOWS\system32\pnrpnsp.dll
0x00007ffee43d0000 - 0x00007ffee44b7000 	C:\WINDOWS\SYSTEM32\DNSAPI.dll
0x00007ffee43a0000 - 0x00007ffee43cd000 	C:\WINDOWS\SYSTEM32\IPHLPAPI.DLL
0x00007ffee7fb0000 - 0x00007ffee7fb9000 	C:\WINDOWS\System32\NSI.dll
0x00007ffed4700000 - 0x00007ffed4712000 	C:\WINDOWS\System32\winrnr.dll
0x00007ffeb8530000 - 0x00007ffeb8545000 	C:\WINDOWS\system32\wshbth.dll
0x00007ffed46e0000 - 0x00007ffed46ff000 	C:\WINDOWS\system32\nlansp_c.dll
0x00000000562b0000 - 0x00000000562d6000 	C:\Program Files\Bonjour\mdnsNSP.dll
0x00007ffede7d0000 - 0x00007ffede7da000 	C:\Windows\System32\rasadhlp.dll
0x00007ffedfa40000 - 0x00007ffedfac2000 	C:\WINDOWS\System32\fwpuclnt.dll

dbghelp: loaded successfully - version: 4.0.5 - missing functions: none
symbol engine: initialized successfully - sym options: 0x614 - pdb path: .;C:\Users\Lenovo\.jdks\corretto-11.0.20.1\bin;C:\WINDOWS\SYSTEM32;C:\WINDOWS\WinSxS\amd64_microsoft.windows.common-controls_6595b64144ccf1df_6.0.22000.120_none_9d947278b86cc467;C:\Users\Lenovo\.jdks\corretto-11.0.20.1\bin\server;C:\Program Files\Bonjour

VM Arguments:
jvm_args: -javaagent:C:\\Users\\Lenovo\\.m2\\repository\\org\\jacoco\\org.jacoco.agent\\0.7.7.201606060606\\org.jacoco.agent-0.7.7.201606060606-runtime.jar=destfile=C:\\Users\\Lenovo\\Downloads\\DevOps_Project-20231016T100739Z-001\\DevOps_Project\\target\\jacoco.exec 
java_command: C:\Users\Lenovo\AppData\Local\Temp\surefire16984977275079021408\surefirebooter10047045321793257582.jar C:\Users\Lenovo\AppData\Local\Temp\surefire16984977275079021408 2023-10-17T10-40-11_570-jvmRun1 surefire12680515455228191847tmp surefire_03126737511188576197tmp
java_class_path (initial): C:\Users\Lenovo\AppData\Local\Temp\surefire16984977275079021408\surefirebooter10047045321793257582.jar
Launcher Type: SUN_STANDARD

[Global flags]
     intx CICompilerCount                          = 12                                        {product} {ergonomic}
     uint ConcGCThreads                            = 3                                         {product} {ergonomic}
     uint G1ConcRefinementThreads                  = 13                                        {product} {ergonomic}
   size_t G1HeapRegionSize                         = 1048576                                   {product} {ergonomic}
    uintx GCDrainStackTargetSize                   = 64                                        {product} {ergonomic}
   size_t InitialHeapSize                          = 232783872                                 {product} {ergonomic}
   size_t MarkStackSize                            = 4194304                                   {product} {ergonomic}
   size_t MaxHeapSize                              = 3720347648                                {product} {ergonomic}
   size_t MaxNewSize                               = 2231369728                                {product} {ergonomic}
   size_t MinHeapDeltaBytes                        = 1048576                                   {product} {ergonomic}
    uintx NonNMethodCodeHeapSize                   = 7594288                                {pd product} {ergonomic}
    uintx NonProfiledCodeHeapSize                  = 122031976                              {pd product} {ergonomic}
    uintx ProfiledCodeHeapSize                     = 122031976                              {pd product} {ergonomic}
    uintx ReservedCodeCacheSize                    = 251658240                              {pd product} {ergonomic}
     bool SegmentedCodeCache                       = true                                      {product} {ergonomic}
     bool UseCompressedClassPointers               = true                                 {lp64_product} {ergonomic}
     bool UseCompressedOops                        = true                                 {lp64_product} {ergonomic}
     bool UseG1GC                                  = true                                      {product} {ergonomic}
     bool UseLargePagesIndividualAllocation        = false                                  {pd product} {ergonomic}

Logging:
Log output configuration:
 #0: stdout all=warning uptime,level,tags
 #1: stderr all=off uptime,level,tags

Environment Variables:
JAVA_HOME=C:\Program Files\Java\jdk1.8.0_60
PATH=C:\Program Files (x86)\Microsoft SDKs\Azure\CLI2\wbin;C:\Program Files (x86)\VMware\VMware Workstation\bin\;C:\ProgramData\Oracle\Java\javapath;C:\WINDOWS\system32;C:\WINDOWS;C:\WINDOWS\System32\Wbem;C:\WINDOWS\System32\WindowsPowerShell\v1.0\;C:\WINDOWS\System32\OpenSSH\;C:\Program Files\nodejs\;C:\xampp\php;C:\Program Files\Git\cmd;C:\Program Files\NVIDIA Corporation\NVIDIA NvDLISR;C:\Program Files\dotnet\;C:\Program Files (x86)\NVIDIA Corporation\PhysX\Common;C:\Program Files\Microsoft SQL Server\Client SDK\ODBC\170\Tools\Binn\;C:\Program Files (x86)\Microsoft SQL Server\160\Tools\Binn\;C:\Program Files\Microsoft SQL Server\160\Tools\Binn\;C:\Program Files\Microsoft SQL Server\160\DTS\Binn\;C:\ProgramData\chocolatey\bin;C:\HashiCorp\Vagrant\bin;C:\Users\Lenovo\AppData\Local\Microsoft\WindowsApps;C:\Users\Lenovo\AppData\Roaming\npm;C:\Users\Lenovo\AppData\Local\Programs\Microsoft VS Code\bin;C:\Program Files\JetBrains\IntelliJ IDEA 2022.3.2\bin;;C:\Users\Lenovo\.dotnet\tools;C:\app\terraform_1.4.0_windows_amd64;C:\Users\Lenovo\AppData\Local\GitHubDesktop\bin;skaffold.exe;
USERNAME=Lenovo
OS=Windows_NT
PROCESSOR_IDENTIFIER=AMD64 Family 25 Model 80 Stepping 0, AuthenticAMD
TMP=C:\Users\Lenovo\AppData\Local\Temp
TEMP=C:\Users\Lenovo\AppData\Local\Temp



---------------  S Y S T E M  ---------------

OS: Windows 11 , 64 bit Build 22000 (10.0.22000.2360)
OS uptime: 17 days 22:45 hours
Hyper-V role detected

CPU:total 16 (initial active 16) (16 cores per cpu, 2 threads per core) family 25 model 80 stepping 0 microcode 0x0, cmov, cx8, fxsr, mmx, sse, sse2, sse3, ssse3, sse4.1, sse4.2, popcnt, avx, avx2, aes, clmul, erms, mmxext, 3dnowpref, lzcnt, sse4a, ht, tsc, tscinvbit, tscinv, bmi1, bmi2, adx, sha, fma

Memory: 4k page, system-wide physical 14188M (1117M free)
TotalPageFile size 27608M (AvailPageFile size 3872M)
current process WorkingSet (physical memory assigned to process): 66M, peak: 66M
current process commit charge ("private bytes"): 327M, peak: 327M

vm_info: OpenJDK 64-Bit Server VM (11.0.20.1+9-LTS) for windows-amd64 JRE (11.0.20.1+9-LTS), built on Aug 19 2023 03:46:24 by "Administrator" with MS VC++ 15.9 (VS2017)

END.
